


materialPath: D:\Program Files (x86)\Steam\SteamApps\sourcemods\Crimewars2013\materials
Loading o:\cw_race_volga\cw_race_volga8.vmf
Could not locate 'GameData' key in d:\program files (x86)\steam\steamapps\sourcemods\crimewars2013\gameinfo.txt
fixing up env_cubemap materials on brush sides...
0...1...2...3...4...5...6...7...8...9...100...1...2...3...4...5...6...7...8...9...10Processing areas...done (0)
Building Faces...done (0)
Chop Details...done (0)
Find Visible Detail Sides...
Merged 150 detail faces...done (0)
Merging details...done (0)
FixTjuncs...
PruneNodes...
WriteBSP...
done (0)
writing o:\cw_race_volga\cw_race_volga8.prt...Building visibility clusters...
done (0)
Creating default LDR cubemaps for env_cubemap using skybox materials:
   skybox/sky_day01_09*.vmt
 ! Run buildcubemaps in the engine to get the correct cube maps.
Creating default HDR cubemaps for env_cubemap using skybox materials:
   skybox/sky_day01_09*.vmt
 ! Run buildcubemaps in the engine to get the correct cube maps.
Finding displacement neighbors...
Finding lightmap sample positions...
Displacement Alpha : 0...1...2...3...4...5...6...7...8...9...10
Building Physics collision data...
WARNING: Map using power 4 displacements, terrain physics cannot be compressed, map will need additional memory and CPU.
done (1) (591203 bytes)
Placing detail props : 0...1...2...3...4...5...6...7...8...9...10
Compacting texture/material tables...
Reduced 1059 texinfos to 736
Reduced 68 texdatas to 57 (3176 bytes to 2696)
Writing o:\cw_race_volga\cw_race_volga8.bsp
2 seconds elapsed



6 threads
reading o:\cw_race_volga\cw_race_volga8.bsp
reading o:\cw_race_volga\cw_race_volga8.prt
 803 portalclusters
2563 numportals
0...1...2...3...4...5...6...7...8...9...100...1...2...3...4...5...6...7...8...9...


Could not find lights.rad in lights.rad.
Trying VRAD BIN directory instead...
Warning: Couldn't open texlight file I:\SteamLibrary\steamapps\common\Source SDK Base 2013 Multiplayer\bin\lights.rad.
Loading o:\cw_race_volga\cw_race_volga8.bsp
No vis information, direct lighting only.
3333 faces
10869005 square feet [1565136640.00 square inches]
24 Displacements
28262 Square Feet [4069738.75 Square Inches]
26 direct lights
0...1...2...3...4...5...6...7...8...9...10Build Patch/Sample Hash Table(s).....Done<0.0500 sec>
0.