PRT1
470
1142
4 0 6 (7864 5120 3319 ) (7168 5120 3319 ) (7168 5120 -151 ) (7864 5120 -151 ) 
4 0 2 (7168 5120 -151 ) (7168 5120 3319 ) (7168 6089 3319 ) (7168 6089 -151 ) 
4 0 1 (7864 5120 -151 ) (7168 5120 -151 ) (7168 6089 -151 ) (7864 6089 -151 ) 
4 1 7 (7864 5120 -151 ) (7168 5120 -151 ) (7168 5120 -285 ) (7864 5120 -285 ) 
4 1 3 (7168 5120 -285 ) (7168 5120 -151 ) (7168 6089 -151 ) (7168 6089 -285 ) 
4 2 10 (7168 5120 -151 ) (7168 5120 3319 ) (6144 5120 3319 ) (6144 5120 -151 ) 
4 2 4 (6144 5120 -151 ) (6144 5120 3319 ) (6144 6089 3319 ) (6144 6089 -151 ) 
4 2 3 (7168 6089 -151 ) (7168 5120 -151 ) (6144 5120 -151 ) (6144 6089 -151 ) 
4 3 11 (7168 5120 -285 ) (7168 5120 -151 ) (6144 5120 -151 ) (6144 5120 -285 ) 
4 3 5 (6144 5120 -285 ) (6144 5120 -151 ) (6144 6089 -151 ) (6144 6089 -285 ) 
4 4 18 (5120 5120 -151 ) (5120 5120 3319 ) (5120 6089 3319 ) (5120 6089 -151 ) 
4 4 12 (6144 5120 -151 ) (6144 5120 3319 ) (5120 5120 3319 ) (5120 5120 -151 ) 
4 4 5 (6144 6089 -151 ) (6144 5120 -151 ) (5120 5120 -151 ) (5120 6089 -151 ) 
4 5 19 (5120 5120 -285 ) (5120 5120 -151 ) (5120 6089 -151 ) (5120 6089 -285 ) 
4 5 13 (6144 5120 -285 ) (6144 5120 -151 ) (5120 5120 -151 ) (5120 5120 -285 ) 
4 6 10 (7168 5120 3319 ) (7168 5120 -151 ) (7168 4096 -151 ) (7168 4096 3319 ) 
4 6 8 (7864 4096 3319 ) (7168 4096 3319 ) (7168 4096 -151 ) (7864 4096 -151 ) 
4 6 7 (7864 4096 -151 ) (7168 4096 -151 ) (7168 5120 -151 ) (7864 5120 -151 ) 
4 7 11 (7168 5120 -151 ) (7168 5120 -285 ) (7168 4096 -285 ) (7168 4096 -151 ) 
4 7 9 (7864 4096 -285 ) (7864 4096 -151 ) (7168 4096 -151 ) (7168 4096 -285 ) 
4 8 48 (7864 3072 3319 ) (7168 3072 3319 ) (7168 3072 -151 ) (7864 3072 -151 ) 
4 8 14 (7168 3072 -151 ) (7168 3072 3319 ) (7168 4096 3319 ) (7168 4096 -151 ) 
4 8 9 (7864 3072 -151 ) (7168 3072 -151 ) (7168 4096 -151 ) (7864 4096 -151 ) 
4 9 49 (7864 3072 -285 ) (7864 3072 -151 ) (7168 3072 -151 ) (7168 3072 -285 ) 
4 9 15 (7168 3072 -285 ) (7168 3072 -151 ) (7168 4096 -151 ) (7168 4096 -285 ) 
4 10 14 (7168 4096 -151 ) (7168 4096 3319 ) (6144 4096 3319 ) (6144 4096 -151 ) 
4 10 12 (6144 5120 3319 ) (6144 5120 -151 ) (6144 4096 -151 ) (6144 4096 3319 ) 
4 10 11 (7168 4096 -151 ) (6144 4096 -151 ) (6144 5120 -151 ) (7168 5120 -151 ) 
4 11 15 (7168 4096 -285 ) (7168 4096 -151 ) (6144 4096 -151 ) (6144 4096 -285 ) 
4 11 13 (6144 5120 -151 ) (6144 5120 -285 ) (6144 4096 -285 ) (6144 4096 -151 ) 
4 12 26 (5120 4096 -151 ) (5120 4096 3319 ) (5120 5120 3319 ) (5120 5120 -151 ) 
4 12 16 (6144 4096 -151 ) (6144 4096 3319 ) (5120 4096 3319 ) (5120 4096 -151 ) 
4 12 13 (6144 5120 -151 ) (6144 4096 -151 ) (5120 4096 -151 ) (5120 5120 -151 ) 
4 13 27 (5120 4096 -285 ) (5120 4096 -151 ) (5120 5120 -151 ) (5120 5120 -285 ) 
4 13 17 (6144 4096 -285 ) (6144 4096 -151 ) (5120 4096 -151 ) (5120 4096 -285 ) 
4 14 52 (7168 3072 -151 ) (7168 3072 3319 ) (6144 3072 3319 ) (6144 3072 -151 ) 
4 14 16 (6144 4096 3319 ) (6144 4096 -151 ) (6144 3072 -151 ) (6144 3072 3319 ) 
4 14 15 (6144 4096 -151 ) (7168 4096 -151 ) (7168 3072 -151 ) (6144 3072 -151 ) 
4 15 53 (7168 3072 -285 ) (7168 3072 -151 ) (6144 3072 -151 ) (6144 3072 -285 ) 
4 15 17 (6144 4096 -151 ) (6144 4096 -285 ) (6144 3072 -285 ) (6144 3072 -151 ) 
4 16 54 (6144 3072 -151 ) (6144 3072 3319 ) (5120 3072 3319 ) (5120 3072 -151 ) 
4 16 33 (5120 3760.939697 405 ) (5120 3764.592285 405 ) (5120 3764.592285 373 ) (5120 3760.939697 373 ) 
4 16 32 (5120 3072 373 ) (5120 3072 405 ) (5120 3760.939697 405 ) (5120 3760.939697 373 ) 
4 16 31 (5120 3764.592285 405 ) (5120 4096 405 ) (5120 4096 373 ) (5120 3764.592285 373 ) 
4 16 36 (5120 3072 -151 ) (5120 3072 373 ) (5120 4096 373 ) (5120 4096 -151 ) 
4 16 30 (5120 3072 405 ) (5120 3072 3319 ) (5120 4096 3319 ) (5120 4096 405 ) 
4 16 17 (6144 4096 -151 ) (6144 3072 -151 ) (5120 3072 -151 ) (5120 4096 -151 ) 
4 17 55 (6144 3072 -285 ) (6144 3072 -151 ) (5120 3072 -151 ) (5120 3072 -285 ) 
4 17 37 (5120 3072 -285 ) (5120 3072 -151 ) (5120 4096 -151 ) (5120 4096 -285 ) 
4 18 26 (5120 5120 -151 ) (5120 5120 3319 ) (4096 5120 3319 ) (4096 5120 -151 ) 
4 18 20 (4096 5120 -151 ) (4096 5120 3319 ) (4096 6089 3319 ) (4096 6089 -151 ) 
4 18 19 (5120 5120 -151 ) (4096 5120 -151 ) (4096 6089 -151 ) (5120 6089 -151 ) 
4 19 27 (5120 5120 -285 ) (5120 5120 -151 ) (4096 5120 -151 ) (4096 5120 -285 ) 
4 19 21 (4096 5120 -285 ) (4096 5120 -151 ) (4096 6089 -151 ) (4096 6089 -285 ) 
4 20 28 (4096 5120 -151 ) (4096 5120 3319 ) (3072 5120 3319 ) (3072 5120 -151 ) 
4 20 22 (3072 5120 -151 ) (3072 5120 3319 ) (3072 6089 3319 ) (3072 6089 -151 ) 
4 20 21 (4096 6089 -151 ) (4096 5120 -151 ) (3072 5120 -151 ) (3072 6089 -151 ) 
4 21 29 (4096 5120 -285 ) (4096 5120 -151 ) (3072 5120 -151 ) (3072 5120 -285 ) 
4 21 23 (3072 5120 -285 ) (3072 5120 -151 ) (3072 6089 -151 ) (3072 6089 -285 ) 
4 22 40 (3072 5120 -151 ) (3072 5120 3319 ) (2048 5120 3319 ) (2048 5120 -151 ) 
4 22 24 (2048 5120 -151 ) (2048 5120 3319 ) (2048 6089 3319 ) (2048 6089 -151 ) 
4 22 23 (3072 6089 -151 ) (3072 5120 -151 ) (2048 5120 -151 ) (2048 6089 -151 ) 
4 23 41 (3072 5120 -285 ) (3072 5120 -151 ) (2048 5120 -151 ) (2048 5120 -285 ) 
4 23 25 (2048 5120 -285 ) (2048 5120 -151 ) (2048 6089 -151 ) (2048 6089 -285 ) 
4 24 122 (1024 5120 -151 ) (1024 5120 3319 ) (1024 6089 3319 ) (1024 6089 -151 ) 
4 24 42 (2048 5120 -151 ) (2048 5120 3319 ) (1024 5120 3319 ) (1024 5120 -151 ) 
4 24 25 (2048 6089 -151 ) (2048 5120 -151 ) (1024 5120 -151 ) (1024 6089 -151 ) 
4 25 123 (1024 5120 -285 ) (1024 5120 -151 ) (1024 6089 -151 ) (1024 6089 -285 ) 
4 25 43 (2048 5120 -285 ) (2048 5120 -151 ) (1024 5120 -151 ) (1024 5120 -285 ) 
4 26 34 (4501.527832 4096 405 ) (4490.276367 4096 405 ) (4490.276367 4096 373 ) (4501.527832 4096 373 ) 
4 26 32 (4490.276367 4096 405 ) (4096 4096 405 ) (4096 4096 373 ) (4490.276367 4096 373 ) 
4 26 31 (5120 4096 373 ) (5120 4096 405 ) (4501.527832 4096 405 ) (4501.527832 4096 373 ) 
4 26 36 (5120 4096 -151 ) (5120 4096 373 ) (4096 4096 373 ) (4096 4096 -151 ) 
4 26 30 (5120 4096 405 ) (5120 4096 3319 ) (4096 4096 3319 ) (4096 4096 405 ) 
4 26 28 (4096 5120 3319 ) (4096 5120 -151 ) (4096 4096 -151 ) (4096 4096 3319 ) 
4 26 27 (5120 4096 -151 ) (4096 4096 -151 ) (4096 5120 -151 ) (5120 5120 -151 ) 
4 27 37 (5120 4096 -285 ) (5120 4096 -151 ) (4096 4096 -151 ) (4096 4096 -285 ) 
4 27 29 (4096 5120 -151 ) (4096 5120 -285 ) (4096 4096 -285 ) (4096 4096 -151 ) 
4 28 40 (3072 5120 3319 ) (3072 5120 -151 ) (3072 4096 -151 ) (3072 4096 3319 ) 
4 28 38 (4096 4096 -151 ) (4096 4096 3319 ) (3072 4096 3319 ) (3072 4096 -151 ) 
4 28 29 (3072 5120 -151 ) (4096 5120 -151 ) (4096 4096 -151 ) (3072 4096 -151 ) 
4 29 41 (3072 5120 -151 ) (3072 5120 -285 ) (3072 4096 -285 ) (3072 4096 -151 ) 
4 29 39 (4096 4096 -285 ) (4096 4096 -151 ) (3072 4096 -151 ) (3072 4096 -285 ) 
4 30 82 (5120 3072 405 ) (5120 3072 3319 ) (4096 3072 3319 ) (4096 3072 405 ) 
4 30 38 (4096 4096 3319 ) (4096 4096 405 ) (4096 3072 405 ) (4096 3072 3319 ) 
4 30 35 (4746 3965 405 ) (5011 3823 405 ) (5009 3820 405 ) (4744 3961 405 ) 
4 30 34 (4490.276367 4096 405 ) (4501.527832 4096 405 ) (4746 3965 405 ) (4744 3961 405 ) 
4 30 33 (5011 3823 405 ) (5120 3764.592285 405 ) (5120 3760.939697 405 ) (5009 3820 405 ) 
5 30 32 (5120 3072 405 ) (4096 3072 405 ) (4096 4096 405 ) (4490.276367 4096 405 ) (5120 3760.939697 405 ) 
3 30 31 (4501.527832 4096 405 ) (5120 4096 405 ) (5120 3764.592285 405 ) 
4 31 35 (4746 3965 373 ) (5011 3823 373 ) (5010.998535 3822.997803 405 ) (4746 3964.997803 405 ) 
4 31 34 (4501.526367 4096 373 ) (4746 3965 373 ) (4746 3964.997803 405 ) (4501.523438 4096 405 ) 
4 31 33 (5011 3823 373 ) (5120 3764.591553 373 ) (5120 3764.589600 405 ) (5010.998535 3822.997803 405 ) 
3 31 36 (4501.527832 4096 373 ) (5120 4096 373 ) (5120 3764.592285 373 ) 
4 32 82 (5120 3072 373 ) (5120 3072 405 ) (4096 3072 405 ) (4096 3072 373 ) 
4 32 38 (4096 4096 405 ) (4096 4096 373 ) (4096 3072 373 ) (4096 3072 405 ) 
4 32 35 (5009 3819.998535 373 ) (4744 3960.998535 373 ) (4744 3960.998535 405 ) (5009 3819.998291 405 ) 
4 32 34 (4744 3960.998535 373 ) (4490.272949 4096 373 ) (4490.273438 4096 405 ) (4744 3960.998535 405 ) 
4 32 33 (5120 3760.937744 373 ) (5009 3819.998535 373 ) (5009 3819.998291 405 ) (5120 3760.937500 405 ) 
5 32 36 (4096 4096 373 ) (4490.276367 4096 373 ) (5120 3760.939697 373 ) (5120 3072 373 ) (4096 3072 373 ) 
4 33 35 (5010.997070 3823 405 ) (5010.997070 3823 373 ) (5009 3820.003906 373 ) (5009 3820.003906 405 ) 
4 33 36 (5011 3823 373 ) (5120 3764.592285 373 ) (5120 3760.939697 373 ) (5009 3820 373 ) 
4 34 36 (4490.276367 4096 373 ) (4501.527832 4096 373 ) (4746 3965 373 ) (4744 3961 373 ) 
4 34 35 (4744 3961 405 ) (4744 3961 373 ) (4746 3965 373 ) (4746 3965 405 ) 
4 35 36 (4746 3965 373 ) (5011 3823 373 ) (5009 3820 373 ) (4744 3961 373 ) 
4 36 82 (5120 3072 -151 ) (5120 3072 373 ) (4096 3072 373 ) (4096 3072 -151 ) 
4 36 38 (4096 4096 373 ) (4096 4096 -151 ) (4096 3072 -151 ) (4096 3072 373 ) 
4 36 37 (4096 4096 -151 ) (5120 4096 -151 ) (5120 3072 -151 ) (4096 3072 -151 ) 
4 37 83 (5120 3072 -285 ) (5120 3072 -151 ) (4096 3072 -151 ) (4096 3072 -285 ) 
4 37 39 (4096 4096 -151 ) (4096 4096 -285 ) (4096 3072 -285 ) (4096 3072 -151 ) 
4 38 84 (4096 3072 -151 ) (4096 3072 3319 ) (3072 3072 3319 ) (3072 3072 -151 ) 
4 38 44 (3072 3072 -151 ) (3072 3072 3319 ) (3072 4096 3319 ) (3072 4096 -151 ) 
4 38 39 (4096 4096 -151 ) (4096 3072 -151 ) (3072 3072 -151 ) (3072 4096 -151 ) 
4 39 85 (4096 3072 -285 ) (4096 3072 -151 ) (3072 3072 -151 ) (3072 3072 -285 ) 
4 39 45 (3072 3072 -285 ) (3072 3072 -151 ) (3072 4096 -151 ) (3072 4096 -285 ) 
4 40 44 (3072 4096 -151 ) (3072 4096 3319 ) (2048 4096 3319 ) (2048 4096 -151 ) 
4 40 42 (2048 5120 3319 ) (2048 5120 -151 ) (2048 4096 -151 ) (2048 4096 3319 ) 
4 40 41 (3072 4096 -151 ) (2048 4096 -151 ) (2048 5120 -151 ) (3072 5120 -151 ) 
4 41 45 (3072 4096 -285 ) (3072 4096 -151 ) (2048 4096 -151 ) (2048 4096 -285 ) 
4 41 43 (2048 5120 -151 ) (2048 5120 -285 ) (2048 4096 -285 ) (2048 4096 -151 ) 
4 42 130 (1024 4096 -151 ) (1024 4096 3319 ) (1024 5120 3319 ) (1024 5120 -151 ) 
4 42 46 (2048 4096 -151 ) (2048 4096 3319 ) (1024 4096 3319 ) (1024 4096 -151 ) 
4 42 43 (2048 5120 -151 ) (2048 4096 -151 ) (1024 4096 -151 ) (1024 5120 -151 ) 
4 43 131 (1024 4096 -285 ) (1024 4096 -151 ) (1024 5120 -151 ) (1024 5120 -285 ) 
4 43 47 (2048 4096 -285 ) (2048 4096 -151 ) (1024 4096 -151 ) (1024 4096 -285 ) 
4 44 90 (3072 3072 -151 ) (3072 3072 3319 ) (2048 3072 3319 ) (2048 3072 -151 ) 
4 44 46 (2048 4096 3319 ) (2048 4096 -151 ) (2048 3072 -151 ) (2048 3072 3319 ) 
4 44 45 (2048 4096 -151 ) (3072 4096 -151 ) (3072 3072 -151 ) (2048 3072 -151 ) 
4 45 91 (3072 3072 -285 ) (3072 3072 -151 ) (2048 3072 -151 ) (2048 3072 -285 ) 
4 45 47 (2048 4096 -151 ) (2048 4096 -285 ) (2048 3072 -285 ) (2048 3072 -151 ) 
4 46 134 (1024 3072 -151 ) (1024 3072 3319 ) (1024 4096 3319 ) (1024 4096 -151 ) 
4 46 92 (2048 3072 -151 ) (2048 3072 3319 ) (1024 3072 3319 ) (1024 3072 -151 ) 
4 46 47 (2048 4096 -151 ) (2048 3072 -151 ) (1024 3072 -151 ) (1024 4096 -151 ) 
4 47 135 (1024 3072 -285 ) (1024 3072 -151 ) (1024 4096 -151 ) (1024 4096 -285 ) 
4 47 93 (2048 3072 -285 ) (2048 3072 -151 ) (1024 3072 -151 ) (1024 3072 -285 ) 
4 48 52 (7168 3072 3319 ) (7168 3072 -151 ) (7168 2048 -151 ) (7168 2048 3319 ) 
4 48 50 (7864 2048 3319 ) (7168 2048 3319 ) (7168 2048 -151 ) (7864 2048 -151 ) 
4 48 49 (7864 2048 -151 ) (7168 2048 -151 ) (7168 3072 -151 ) (7864 3072 -151 ) 
4 49 53 (7168 3072 -151 ) (7168 3072 -285 ) (7168 2048 -285 ) (7168 2048 -151 ) 
4 49 51 (7864 2048 -285 ) (7864 2048 -151 ) (7168 2048 -151 ) (7168 2048 -285 ) 
4 50 60 (7864 1024 3319 ) (7168 1024 3319 ) (7168 1024 -151 ) (7864 1024 -151 ) 
4 50 56 (7168 1024 -151 ) (7168 1024 3319 ) (7168 2048 3319 ) (7168 2048 -151 ) 
4 50 51 (7864 1024 -151 ) (7168 1024 -151 ) (7168 2048 -151 ) (7864 2048 -151 ) 
4 51 61 (7864 1024 -285 ) (7864 1024 -151 ) (7168 1024 -151 ) (7168 1024 -285 ) 
4 51 57 (7168 1024 -285 ) (7168 1024 -151 ) (7168 2048 -151 ) (7168 2048 -285 ) 
4 52 56 (7168 2048 -151 ) (7168 2048 3319 ) (6144 2048 3319 ) (6144 2048 -151 ) 
4 52 54 (6144 3072 3319 ) (6144 3072 -151 ) (6144 2048 -151 ) (6144 2048 3319 ) 
4 52 53 (7168 2048 -151 ) (6144 2048 -151 ) (6144 3072 -151 ) (7168 3072 -151 ) 
4 53 57 (7168 2048 -285 ) (7168 2048 -151 ) (6144 2048 -151 ) (6144 2048 -285 ) 
4 53 55 (6144 3072 -151 ) (6144 3072 -285 ) (6144 2048 -285 ) (6144 2048 -151 ) 
4 54 82 (5120 3072 3319 ) (5120 3072 -151 ) (5120 2048 -151 ) (5120 2048 3319 ) 
4 54 58 (6144 2048 -151 ) (6144 2048 3319 ) (5120 2048 3319 ) (5120 2048 -151 ) 
4 54 55 (5120 3072 -151 ) (6144 3072 -151 ) (6144 2048 -151 ) (5120 2048 -151 ) 
4 55 83 (5120 3072 -151 ) (5120 3072 -285 ) (5120 2048 -285 ) (5120 2048 -151 ) 
4 55 59 (6144 2048 -285 ) (6144 2048 -151 ) (5120 2048 -151 ) (5120 2048 -285 ) 
4 56 66 (7168 1024 -151 ) (7168 1024 3319 ) (6144 1024 3319 ) (6144 1024 -151 ) 
4 56 58 (6144 2048 3319 ) (6144 2048 -151 ) (6144 1024 -151 ) (6144 1024 3319 ) 
4 56 57 (6144 2048 -151 ) (7168 2048 -151 ) (7168 1024 -151 ) (6144 1024 -151 ) 
4 57 67 (7168 1024 -285 ) (7168 1024 -151 ) (6144 1024 -151 ) (6144 1024 -285 ) 
4 57 59 (6144 2048 -151 ) (6144 2048 -285 ) (6144 1024 -285 ) (6144 1024 -151 ) 
4 58 86 (5120 1024 -151 ) (5120 1024 3319 ) (5120 2048 3319 ) (5120 2048 -151 ) 
4 58 68 (6144 1024 -151 ) (6144 1024 3319 ) (5120 1024 3319 ) (5120 1024 -151 ) 
4 58 59 (6144 2048 -151 ) (6144 1024 -151 ) (5120 1024 -151 ) (5120 2048 -151 ) 
4 59 87 (5120 1024 -285 ) (5120 1024 -151 ) (5120 2048 -151 ) (5120 2048 -285 ) 
4 59 69 (6144 1024 -285 ) (6144 1024 -151 ) (5120 1024 -151 ) (5120 1024 -285 ) 
4 60 66 (7168 1024 3319 ) (7168 1024 -151 ) (7168 0 -151 ) (7168 0 3319 ) 
4 60 62 (7864 0 3319 ) (7168 0 3319 ) (7168 0 -151 ) (7864 0 -151 ) 
4 60 61 (7864 0 -151 ) (7168 0 -151 ) (7168 1024 -151 ) (7864 1024 -151 ) 
4 61 67 (7168 1024 -151 ) (7168 1024 -285 ) (7168 0 -285 ) (7168 0 -151 ) 
4 61 63 (7864 0 -285 ) (7864 0 -151 ) (7168 0 -151 ) (7168 0 -285 ) 
4 62 70 (7168 -1024 -151 ) (7168 -1024 3319 ) (7168 0 3319 ) (7168 0 -151 ) 
4 62 64 (7168 -1024 3319 ) (7168 -1024 -151 ) (7864 -1024 -151 ) (7864 -1024 3319 ) 
4 62 63 (7864 -1024 -151 ) (7168 -1024 -151 ) (7168 0 -151 ) (7864 0 -151 ) 
4 63 71 (7168 -1024 -285 ) (7168 -1024 -151 ) (7168 0 -151 ) (7168 0 -285 ) 
4 63 65 (7168 -1024 -151 ) (7168 -1024 -285 ) (7864 -1024 -285 ) (7864 -1024 -151 ) 
4 64 250 (7864 -2048 3319 ) (7168 -2048 3319 ) (7168 -2048 -151 ) (7864 -2048 -151 ) 
4 64 74 (7168 -2048 -151 ) (7168 -2048 3319 ) (7168 -1024 3319 ) (7168 -1024 -151 ) 
4 64 65 (7864 -2048 -151 ) (7168 -2048 -151 ) (7168 -1024 -151 ) (7864 -1024 -151 ) 
4 65 251 (7864 -2048 -285 ) (7864 -2048 -151 ) (7168 -2048 -151 ) (7168 -2048 -285 ) 
4 65 75 (7168 -2048 -285 ) (7168 -2048 -151 ) (7168 -1024 -151 ) (7168 -1024 -285 ) 
4 66 70 (7168 0 -151 ) (7168 0 3319 ) (6144 0 3319 ) (6144 0 -151 ) 
4 66 68 (6144 1024 3319 ) (6144 1024 -151 ) (6144 0 -151 ) (6144 0 3319 ) 
4 66 67 (7168 0 -151 ) (6144 0 -151 ) (6144 1024 -151 ) (7168 1024 -151 ) 
4 67 71 (7168 0 -285 ) (7168 0 -151 ) (6144 0 -151 ) (6144 0 -285 ) 
4 67 69 (6144 1024 -151 ) (6144 1024 -285 ) (6144 0 -285 ) (6144 0 -151 ) 
4 68 98 (5120 0 -151 ) (5120 0 3319 ) (5120 1024 3319 ) (5120 1024 -151 ) 
4 68 72 (6144 0 -151 ) (6144 0 3319 ) (5120 0 3319 ) (5120 0 -151 ) 
4 68 69 (6144 1024 -151 ) (6144 0 -151 ) (5120 0 -151 ) (5120 1024 -151 ) 
4 69 99 (5120 0 -285 ) (5120 0 -151 ) (5120 1024 -151 ) (5120 1024 -285 ) 
4 69 73 (6144 0 -285 ) (6144 0 -151 ) (5120 0 -151 ) (5120 0 -285 ) 
4 70 74 (7168 -1024 -151 ) (7168 -1024 3319 ) (6144 -1024 3319 ) (6144 -1024 -151 ) 
4 70 72 (6144 -1024 -151 ) (6144 -1024 3319 ) (6144 0 3319 ) (6144 0 -151 ) 
4 70 71 (7168 -1024 -151 ) (6144 -1024 -151 ) (6144 0 -151 ) (7168 0 -151 ) 
4 71 75 (7168 -1024 -285 ) (7168 -1024 -151 ) (6144 -1024 -151 ) (6144 -1024 -285 ) 
4 71 73 (6144 -1024 -285 ) (6144 -1024 -151 ) (6144 0 -151 ) (6144 0 -285 ) 
4 72 102 (5120 -1024 -151 ) (5120 -1024 3319 ) (5120 0 3319 ) (5120 0 -151 ) 
4 72 77 (5185 -1024 -151 ) (5693 -1024 -151 ) (5693 -1024 3319 ) (5185 -1024 3319 ) 
4 72 76 (5693 -1024 -151 ) (6144 -1024 -151 ) (6144 -1024 3319 ) (5693 -1024 3319 ) 
4 72 80 (5120 -1024 3319 ) (5120 -1024 -151 ) (5185 -1024 -151 ) (5185 -1024 3319 ) 
4 72 73 (5120 0 -151 ) (6144 0 -151 ) (6144 -1024 -151 ) (5120 -1024 -151 ) 
4 73 103 (5120 -1024 -285 ) (5120 -1024 -151 ) (5120 0 -151 ) (5120 0 -285 ) 
4 73 81 (5120 -1024 -151 ) (5120 -1024 -285 ) (6144 -1024 -285 ) (6144 -1024 -151 ) 
4 74 254 (7168 -2048 -151 ) (7168 -2048 3319 ) (6144 -2048 3319 ) (6144 -2048 -151 ) 
4 74 76 (6144 -1024 3319 ) (6144 -1024 -151 ) (6144 -2048 -151 ) (6144 -2048 3319 ) 
4 74 75 (7168 -2048 -151 ) (6144 -2048 -151 ) (6144 -1024 -151 ) (7168 -1024 -151 ) 
4 75 255 (7168 -2048 -285 ) (7168 -2048 -151 ) (6144 -2048 -151 ) (6144 -2048 -285 ) 
4 75 81 (6144 -1024 -151 ) (6144 -1024 -285 ) (6144 -2048 -285 ) (6144 -2048 -151 ) 
4 76 256 (6144 -2048 -151 ) (6144 -2048 3319 ) (5693 -2048 3319 ) (5693 -2048 -151 ) 
4 76 81 (5693 -1024 -151 ) (6144 -1024 -151 ) (6144 -2048 -151 ) (5693 -2048 -151 ) 
5 76 78 (5693 -2048 371.622986 ) (5693 -2048 3319 ) (5693 -1089.890015 3319 ) (5693 -1089.890015 403.447998 ) (5693 -1345.560181 371.622986 ) 
4 76 79 (5693 -1089.890015 -151 ) (5693 -2048 -151 ) (5693 -2048 371.622986 ) (5693 -1089.890015 371.622986 ) 
4 76 77 (5693 -1024 -151 ) (5693 -1089.890015 -151 ) (5693 -1089.890015 3319 ) (5693 -1024 3319 ) 
4 77 81 (5185 -1024 -151 ) (5693 -1024 -151 ) (5693 -1089.890015 -151 ) (5185 -1089.890015 -151 ) 
4 77 78 (5185 -1089.890015 3319 ) (5185 -1089.890015 403.447998 ) (5693 -1089.890015 403.447998 ) (5693 -1089.890015 3319 ) 
4 77 79 (5185 -1089.890015 371.622986 ) (5185 -1089.890015 -151 ) (5693 -1089.890015 -151 ) (5693 -1089.890015 371.622986 ) 
4 77 80 (5185 -1024 -151 ) (5185 -1089.890015 -151 ) (5185 -1089.890015 3319 ) (5185 -1024 3319 ) 
4 78 256 (5693 -2048 3319 ) (5185 -2048 3319 ) (5185 -2048 371.622986 ) (5693 -2048 371.622986 ) 
4 78 79 (5185 -2048 371.622986 ) (5185 -1345.560303 371.622986 ) (5693 -1345.560181 371.622986 ) (5693 -2048 371.622986 ) 
5 78 80 (5185 -2048 371.622986 ) (5185 -2048 3319 ) (5185 -1089.890015 3319 ) (5185 -1089.890015 403.447998 ) (5185 -1345.560181 371.622986 ) 
4 79 256 (5185 -2048 371.622986 ) (5185 -2048 -151 ) (5693 -2048 -151 ) (5693 -2048 371.622986 ) 
4 79 81 (5693 -1089.890015 -151 ) (5693 -2048 -151 ) (5185 -2048 -151 ) (5185 -1089.890015 -151 ) 
4 79 80 (5185 -1089.890015 -151 ) (5185 -2048 -151 ) (5185 -2048 371.622986 ) (5185 -1089.890015 371.622986 ) 
4 80 256 (5185 -2048 3319 ) (5120 -2048 3319 ) (5120 -2048 -151 ) (5185 -2048 -151 ) 
4 80 106 (5120 -2048 -151 ) (5120 -2048 3319 ) (5120 -1024 3319 ) (5120 -1024 -151 ) 
4 80 81 (5120 -2048 -151 ) (5120 -1024 -151 ) (5185 -1024 -151 ) (5185 -2048 -151 ) 
4 81 257 (6144 -2048 -285 ) (6144 -2048 -151 ) (5120 -2048 -151 ) (5120 -2048 -285 ) 
4 81 107 (5120 -2048 -285 ) (5120 -2048 -151 ) (5120 -1024 -151 ) (5120 -1024 -285 ) 
4 82 86 (5120 2048 -151 ) (5120 2048 3319 ) (4096 2048 3319 ) (4096 2048 -151 ) 
4 82 84 (4096 3072 3319 ) (4096 3072 -151 ) (4096 2048 -151 ) (4096 2048 3319 ) 
4 82 83 (5120 2048 -151 ) (4096 2048 -151 ) (4096 3072 -151 ) (5120 3072 -151 ) 
4 83 87 (5120 2048 -285 ) (5120 2048 -151 ) (4096 2048 -151 ) (4096 2048 -285 ) 
4 83 85 (4096 3072 -151 ) (4096 3072 -285 ) (4096 2048 -285 ) (4096 2048 -151 ) 
4 84 90 (3072 3072 3319 ) (3072 3072 -151 ) (3072 2048 -151 ) (3072 2048 3319 ) 
4 84 88 (4096 2048 -151 ) (4096 2048 3319 ) (3072 2048 3319 ) (3072 2048 -151 ) 
4 84 85 (3072 3072 -151 ) (4096 3072 -151 ) (4096 2048 -151 ) (3072 2048 -151 ) 
4 85 91 (3072 3072 -151 ) (3072 3072 -285 ) (3072 2048 -285 ) (3072 2048 -151 ) 
4 85 89 (4096 2048 -285 ) (4096 2048 -151 ) (3072 2048 -151 ) (3072 2048 -285 ) 
4 86 98 (5120 1024 -151 ) (5120 1024 3319 ) (4096 1024 3319 ) (4096 1024 -151 ) 
4 86 88 (4096 2048 3319 ) (4096 2048 -151 ) (4096 1024 -151 ) (4096 1024 3319 ) 
4 86 87 (5120 1024 -151 ) (4096 1024 -151 ) (4096 2048 -151 ) (5120 2048 -151 ) 
4 87 99 (5120 1024 -285 ) (5120 1024 -151 ) (4096 1024 -151 ) (4096 1024 -285 ) 
4 87 89 (4096 2048 -151 ) (4096 2048 -285 ) (4096 1024 -285 ) (4096 1024 -151 ) 
4 88 100 (4096 1024 -151 ) (4096 1024 3319 ) (3072 1024 3319 ) (3072 1024 -151 ) 
4 88 94 (3072 1024 -151 ) (3072 1024 3319 ) (3072 2048 3319 ) (3072 2048 -151 ) 
4 88 89 (4096 2048 -151 ) (4096 1024 -151 ) (3072 1024 -151 ) (3072 2048 -151 ) 
4 89 101 (4096 1024 -285 ) (4096 1024 -151 ) (3072 1024 -151 ) (3072 1024 -285 ) 
4 89 95 (3072 1024 -285 ) (3072 1024 -151 ) (3072 2048 -151 ) (3072 2048 -285 ) 
4 90 94 (3072 2048 -151 ) (3072 2048 3319 ) (2048 2048 3319 ) (2048 2048 -151 ) 
4 90 92 (2048 3072 3319 ) (2048 3072 -151 ) (2048 2048 -151 ) (2048 2048 3319 ) 
4 90 91 (3072 2048 -151 ) (2048 2048 -151 ) (2048 3072 -151 ) (3072 3072 -151 ) 
4 91 95 (3072 2048 -285 ) (3072 2048 -151 ) (2048 2048 -151 ) (2048 2048 -285 ) 
4 91 93 (2048 3072 -151 ) (2048 3072 -285 ) (2048 2048 -285 ) (2048 2048 -151 ) 
4 92 170 (1024 2048 -151 ) (1024 2048 3319 ) (1024 3072 3319 ) (1024 3072 -151 ) 
4 92 96 (2048 2048 -151 ) (2048 2048 3319 ) (1024 2048 3319 ) (1024 2048 -151 ) 
4 92 93 (2048 3072 -151 ) (2048 2048 -151 ) (1024 2048 -151 ) (1024 3072 -151 ) 
4 93 171 (1024 2048 -285 ) (1024 2048 -151 ) (1024 3072 -151 ) (1024 3072 -285 ) 
4 93 97 (2048 2048 -285 ) (2048 2048 -151 ) (1024 2048 -151 ) (1024 2048 -285 ) 
4 94 110 (3072 1024 -151 ) (3072 1024 3319 ) (2048 1024 3319 ) (2048 1024 -151 ) 
4 94 96 (2048 2048 3319 ) (2048 2048 -151 ) (2048 1024 -151 ) (2048 1024 3319 ) 
4 94 95 (2048 2048 -151 ) (3072 2048 -151 ) (3072 1024 -151 ) (2048 1024 -151 ) 
4 95 111 (3072 1024 -285 ) (3072 1024 -151 ) (2048 1024 -151 ) (2048 1024 -285 ) 
4 95 97 (2048 2048 -151 ) (2048 2048 -285 ) (2048 1024 -285 ) (2048 1024 -151 ) 
4 96 174 (1024 1024 -151 ) (1024 1024 3319 ) (1024 2048 3319 ) (1024 2048 -151 ) 
4 96 112 (2048 1024 -151 ) (2048 1024 3319 ) (1024 1024 3319 ) (1024 1024 -151 ) 
4 96 97 (2048 2048 -151 ) (2048 1024 -151 ) (1024 1024 -151 ) (1024 2048 -151 ) 
4 97 175 (1024 1024 -285 ) (1024 1024 -151 ) (1024 2048 -151 ) (1024 2048 -285 ) 
4 97 113 (2048 1024 -285 ) (2048 1024 -151 ) (1024 1024 -151 ) (1024 1024 -285 ) 
4 98 102 (5120 0 -151 ) (5120 0 3319 ) (4096 0 3319 ) (4096 0 -151 ) 
4 98 100 (4096 1024 3319 ) (4096 1024 -151 ) (4096 0 -151 ) (4096 0 3319 ) 
4 98 99 (5120 0 -151 ) (4096 0 -151 ) (4096 1024 -151 ) (5120 1024 -151 ) 
4 99 103 (5120 0 -285 ) (5120 0 -151 ) (4096 0 -151 ) (4096 0 -285 ) 
4 99 101 (4096 1024 -151 ) (4096 1024 -285 ) (4096 0 -285 ) (4096 0 -151 ) 
4 100 110 (3072 1024 3319 ) (3072 1024 -151 ) (3072 0 -151 ) (3072 0 3319 ) 
4 100 104 (4096 0 -151 ) (4096 0 3319 ) (3072 0 3319 ) (3072 0 -151 ) 
4 100 101 (3072 1024 -151 ) (4096 1024 -151 ) (4096 0 -151 ) (3072 0 -151 ) 
4 101 111 (3072 1024 -151 ) (3072 1024 -285 ) (3072 0 -285 ) (3072 0 -151 ) 
4 101 105 (4096 0 -285 ) (4096 0 -151 ) (3072 0 -151 ) (3072 0 -285 ) 
4 102 106 (5120 -1024 -151 ) (5120 -1024 3319 ) (4096 -1024 3319 ) (4096 -1024 -151 ) 
4 102 104 (4096 -1024 -151 ) (4096 -1024 3319 ) (4096 0 3319 ) (4096 0 -151 ) 
4 102 103 (5120 -1024 -151 ) (4096 -1024 -151 ) (4096 0 -151 ) (5120 0 -151 ) 
4 103 107 (5120 -1024 -285 ) (5120 -1024 -151 ) (4096 -1024 -151 ) (4096 -1024 -285 ) 
4 103 105 (4096 -1024 -285 ) (4096 -1024 -151 ) (4096 0 -151 ) (4096 0 -285 ) 
4 104 114 (3072 -1024 -151 ) (3072 -1024 3319 ) (3072 0 3319 ) (3072 0 -151 ) 
4 104 108 (3072 -1024 3319 ) (3072 -1024 -151 ) (4096 -1024 -151 ) (4096 -1024 3319 ) 
4 104 105 (3072 0 -151 ) (4096 0 -151 ) (4096 -1024 -151 ) (3072 -1024 -151 ) 
4 105 115 (3072 -1024 -285 ) (3072 -1024 -151 ) (3072 0 -151 ) (3072 0 -285 ) 
4 105 109 (3072 -1024 -151 ) (3072 -1024 -285 ) (4096 -1024 -285 ) (4096 -1024 -151 ) 
4 106 280 (5120 -2048 -151 ) (5120 -2048 3319 ) (4096 -2048 3319 ) (4096 -2048 -151 ) 
4 106 108 (4096 -1024 3319 ) (4096 -1024 -151 ) (4096 -2048 -151 ) (4096 -2048 3319 ) 
4 106 107 (5120 -2048 -151 ) (4096 -2048 -151 ) (4096 -1024 -151 ) (5120 -1024 -151 ) 
4 107 281 (5120 -2048 -285 ) (5120 -2048 -151 ) (4096 -2048 -151 ) (4096 -2048 -285 ) 
4 107 109 (4096 -1024 -151 ) (4096 -1024 -285 ) (4096 -2048 -285 ) (4096 -2048 -151 ) 
4 108 282 (4096 -2048 -151 ) (4096 -2048 3319 ) (3072 -2048 3319 ) (3072 -2048 -151 ) 
4 108 118 (3072 -2048 -151 ) (3072 -2048 3319 ) (3072 -1024 3319 ) (3072 -1024 -151 ) 
4 108 109 (3072 -2048 -151 ) (3072 -1024 -151 ) (4096 -1024 -151 ) (4096 -2048 -151 ) 
4 109 283 (4096 -2048 -285 ) (4096 -2048 -151 ) (3072 -2048 -151 ) (3072 -2048 -285 ) 
4 109 119 (3072 -2048 -285 ) (3072 -2048 -151 ) (3072 -1024 -151 ) (3072 -1024 -285 ) 
4 110 114 (3072 0 -151 ) (3072 0 3319 ) (2048 0 3319 ) (2048 0 -151 ) 
4 110 112 (2048 1024 3319 ) (2048 1024 -151 ) (2048 0 -151 ) (2048 0 3319 ) 
4 110 111 (3072 0 -151 ) (2048 0 -151 ) (2048 1024 -151 ) (3072 1024 -151 ) 
4 111 115 (3072 0 -285 ) (3072 0 -151 ) (2048 0 -151 ) (2048 0 -285 ) 
4 111 113 (2048 1024 -151 ) (2048 1024 -285 ) (2048 0 -285 ) (2048 0 -151 ) 
4 112 186 (1024 0 -151 ) (1024 0 3319 ) (1024 1024 3319 ) (1024 1024 -151 ) 
4 112 116 (2048 0 -151 ) (2048 0 3319 ) (1024 0 3319 ) (1024 0 -151 ) 
4 112 113 (2048 1024 -151 ) (2048 0 -151 ) (1024 0 -151 ) (1024 1024 -151 ) 
4 113 187 (1024 0 -285 ) (1024 0 -151 ) (1024 1024 -151 ) (1024 1024 -285 ) 
4 113 117 (2048 0 -285 ) (2048 0 -151 ) (1024 0 -151 ) (1024 0 -285 ) 
4 114 118 (3072 -1024 -151 ) (3072 -1024 3319 ) (2048 -1024 3319 ) (2048 -1024 -151 ) 
4 114 116 (2048 -1024 -151 ) (2048 -1024 3319 ) (2048 0 3319 ) (2048 0 -151 ) 
4 114 115 (3072 -1024 -151 ) (2048 -1024 -151 ) (2048 0 -151 ) (3072 0 -151 ) 
4 115 119 (3072 -1024 -285 ) (3072 -1024 -151 ) (2048 -1024 -151 ) (2048 -1024 -285 ) 
4 115 117 (2048 -1024 -285 ) (2048 -1024 -151 ) (2048 0 -151 ) (2048 0 -285 ) 
4 116 190 (1024 -1024 -151 ) (1024 -1024 3319 ) (1024 0 3319 ) (1024 0 -151 ) 
4 116 120 (1024 -1024 3319 ) (1024 -1024 -151 ) (2048 -1024 -151 ) (2048 -1024 3319 ) 
4 116 117 (1024 0 -151 ) (2048 0 -151 ) (2048 -1024 -151 ) (1024 -1024 -151 ) 
4 117 191 (1024 -1024 -285 ) (1024 -1024 -151 ) (1024 0 -151 ) (1024 0 -285 ) 
4 117 121 (1024 -1024 -151 ) (1024 -1024 -285 ) (2048 -1024 -285 ) (2048 -1024 -151 ) 
4 118 288 (3072 -2048 -151 ) (3072 -2048 3319 ) (2048 -2048 3319 ) (2048 -2048 -151 ) 
4 118 120 (2048 -1024 3319 ) (2048 -1024 -151 ) (2048 -2048 -151 ) (2048 -2048 3319 ) 
4 118 119 (3072 -2048 -151 ) (2048 -2048 -151 ) (2048 -1024 -151 ) (3072 -1024 -151 ) 
4 119 289 (3072 -2048 -285 ) (3072 -2048 -151 ) (2048 -2048 -151 ) (2048 -2048 -285 ) 
4 119 121 (2048 -1024 -151 ) (2048 -1024 -285 ) (2048 -2048 -285 ) (2048 -2048 -151 ) 
4 120 290 (2048 -2048 -151 ) (2048 -2048 3319 ) (1024 -2048 3319 ) (1024 -2048 -151 ) 
4 120 194 (1024 -2048 -151 ) (1024 -2048 3319 ) (1024 -1024 3319 ) (1024 -1024 -151 ) 
4 120 121 (1024 -2048 -151 ) (1024 -1024 -151 ) (2048 -1024 -151 ) (2048 -2048 -151 ) 
4 121 291 (2048 -2048 -285 ) (2048 -2048 -151 ) (1024 -2048 -151 ) (1024 -2048 -285 ) 
4 121 195 (1024 -2048 -285 ) (1024 -2048 -151 ) (1024 -1024 -151 ) (1024 -1024 -285 ) 
4 122 130 (1024 5120 -151 ) (1024 5120 3319 ) (0 5120 3319 ) (0 5120 -151 ) 
4 122 124 (0 5120 -151 ) (0 5120 3319 ) (0 6089 3319 ) (0 6089 -151 ) 
4 122 123 (1024 5120 -151 ) (0 5120 -151 ) (0 6089 -151 ) (1024 6089 -151 ) 
4 123 131 (1024 5120 -285 ) (1024 5120 -151 ) (0 5120 -151 ) (0 5120 -285 ) 
4 123 125 (0 5120 -285 ) (0 5120 -151 ) (0 6089 -151 ) (0 6089 -285 ) 
4 124 132 (0 5120 -151 ) (0 5120 3319 ) (-1024 5120 3319 ) (-1024 5120 -151 ) 
4 124 126 (-1024 5120 -151 ) (-1024 5120 3319 ) (-1024 6089 3319 ) (-1024 6089 -151 ) 
4 124 125 (0 6089 -151 ) (0 5120 -151 ) (-1024 5120 -151 ) (-1024 6089 -151 ) 
4 125 133 (0 5120 -285 ) (0 5120 -151 ) (-1024 5120 -151 ) (-1024 5120 -285 ) 
4 125 127 (-1024 5120 -285 ) (-1024 5120 -151 ) (-1024 6089 -151 ) (-1024 6089 -285 ) 
4 126 138 (-1024 5120 -151 ) (-1024 5120 3319 ) (-2048 5120 3319 ) (-2048 5120 -151 ) 
4 126 128 (-2048 5120 -151 ) (-2048 5120 3319 ) (-2048 6089 3319 ) (-2048 6089 -151 ) 
4 126 127 (-1024 6089 -151 ) (-1024 5120 -151 ) (-2048 5120 -151 ) (-2048 6089 -151 ) 
4 127 139 (-1024 5120 -285 ) (-1024 5120 -151 ) (-2048 5120 -151 ) (-2048 5120 -285 ) 
4 127 129 (-2048 5120 -285 ) (-2048 5120 -151 ) (-2048 6089 -151 ) (-2048 6089 -285 ) 
4 128 146 (-3072 5120 -151 ) (-3072 5120 3319 ) (-3072 6089 3319 ) (-3072 6089 -151 ) 
4 128 140 (-2048 5120 -151 ) (-2048 5120 3319 ) (-3072 5120 3319 ) (-3072 5120 -151 ) 
4 128 129 (-2048 6089 -151 ) (-2048 5120 -151 ) (-3072 5120 -151 ) (-3072 6089 -151 ) 
4 129 147 (-3072 5120 -285 ) (-3072 5120 -151 ) (-3072 6089 -151 ) (-3072 6089 -285 ) 
4 129 141 (-2048 5120 -285 ) (-2048 5120 -151 ) (-3072 5120 -151 ) (-3072 5120 -285 ) 
4 130 134 (1024 4096 -151 ) (1024 4096 3319 ) (0 4096 3319 ) (0 4096 -151 ) 
4 130 132 (0 5120 3319 ) (0 5120 -151 ) (0 4096 -151 ) (0 4096 3319 ) 
4 130 131 (1024 4096 -151 ) (0 4096 -151 ) (0 5120 -151 ) (1024 5120 -151 ) 
4 131 135 (1024 4096 -285 ) (1024 4096 -151 ) (0 4096 -151 ) (0 4096 -285 ) 
4 131 133 (0 5120 -151 ) (0 5120 -285 ) (0 4096 -285 ) (0 4096 -151 ) 
4 132 138 (-1024 5120 3319 ) (-1024 5120 -151 ) (-1024 4096 -151 ) (-1024 4096 3319 ) 
4 132 136 (0 4096 -151 ) (0 4096 3319 ) (-1024 4096 3319 ) (-1024 4096 -151 ) 
4 132 133 (-1024 5120 -151 ) (0 5120 -151 ) (0 4096 -151 ) (-1024 4096 -151 ) 
4 133 139 (-1024 5120 -151 ) (-1024 5120 -285 ) (-1024 4096 -285 ) (-1024 4096 -151 ) 
4 133 137 (0 4096 -285 ) (0 4096 -151 ) (-1024 4096 -151 ) (-1024 4096 -285 ) 
4 134 170 (1024 3072 -151 ) (1024 3072 3319 ) (0 3072 3319 ) (0 3072 -151 ) 
4 134 136 (0 4096 3319 ) (0 4096 -151 ) (0 3072 -151 ) (0 3072 3319 ) 
4 134 135 (1024 3072 -151 ) (0 3072 -151 ) (0 4096 -151 ) (1024 4096 -151 ) 
4 135 171 (1024 3072 -285 ) (1024 3072 -151 ) (0 3072 -151 ) (0 3072 -285 ) 
4 135 137 (0 4096 -151 ) (0 4096 -285 ) (0 3072 -285 ) (0 3072 -151 ) 
4 136 172 (0 3072 -151 ) (0 3072 3319 ) (-1024 3072 3319 ) (-1024 3072 -151 ) 
4 136 142 (-1024 3072 -151 ) (-1024 3072 3319 ) (-1024 4096 3319 ) (-1024 4096 -151 ) 
4 136 137 (0 4096 -151 ) (0 3072 -151 ) (-1024 3072 -151 ) (-1024 4096 -151 ) 
4 137 173 (0 3072 -285 ) (0 3072 -151 ) (-1024 3072 -151 ) (-1024 3072 -285 ) 
4 137 143 (-1024 3072 -285 ) (-1024 3072 -151 ) (-1024 4096 -151 ) (-1024 4096 -285 ) 
4 138 142 (-1024 4096 -151 ) (-1024 4096 3319 ) (-2048 4096 3319 ) (-2048 4096 -151 ) 
4 138 140 (-2048 5120 3319 ) (-2048 5120 -151 ) (-2048 4096 -151 ) (-2048 4096 3319 ) 
4 138 139 (-1024 4096 -151 ) (-2048 4096 -151 ) (-2048 5120 -151 ) (-1024 5120 -151 ) 
4 139 143 (-1024 4096 -285 ) (-1024 4096 -151 ) (-2048 4096 -151 ) (-2048 4096 -285 ) 
4 139 141 (-2048 5120 -151 ) (-2048 5120 -285 ) (-2048 4096 -285 ) (-2048 4096 -151 ) 
4 140 150 (-3072 4096 -151 ) (-3072 4096 3319 ) (-3072 5120 3319 ) (-3072 5120 -151 ) 
4 140 144 (-2048 4096 -151 ) (-2048 4096 3319 ) (-3072 4096 3319 ) (-3072 4096 -151 ) 
4 140 141 (-2048 5120 -151 ) (-2048 4096 -151 ) (-3072 4096 -151 ) (-3072 5120 -151 ) 
4 141 151 (-3072 4096 -285 ) (-3072 4096 -151 ) (-3072 5120 -151 ) (-3072 5120 -285 ) 
4 141 145 (-2048 4096 -285 ) (-2048 4096 -151 ) (-3072 4096 -151 ) (-3072 4096 -285 ) 
4 142 178 (-1024 3072 -151 ) (-1024 3072 3319 ) (-2048 3072 3319 ) (-2048 3072 -151 ) 
4 142 144 (-2048 4096 3319 ) (-2048 4096 -151 ) (-2048 3072 -151 ) (-2048 3072 3319 ) 
4 142 143 (-2048 4096 -151 ) (-1024 4096 -151 ) (-1024 3072 -151 ) (-2048 3072 -151 ) 
4 143 179 (-1024 3072 -285 ) (-1024 3072 -151 ) (-2048 3072 -151 ) (-2048 3072 -285 ) 
4 143 145 (-2048 4096 -151 ) (-2048 4096 -285 ) (-2048 3072 -285 ) (-2048 3072 -151 ) 
4 144 180 (-2048 3072 -151 ) (-2048 3072 3319 ) (-3072 3072 3319 ) (-3072 3072 -151 ) 
4 144 154 (-3072 3072 -151 ) (-3072 3072 3319 ) (-3072 4096 3319 ) (-3072 4096 -151 ) 
4 144 145 (-2048 4096 -151 ) (-2048 3072 -151 ) (-3072 3072 -151 ) (-3072 4096 -151 ) 
4 145 181 (-2048 3072 -285 ) (-2048 3072 -151 ) (-3072 3072 -151 ) (-3072 3072 -285 ) 
4 145 155 (-3072 3072 -285 ) (-3072 3072 -151 ) (-3072 4096 -151 ) (-3072 4096 -285 ) 
4 146 150 (-3072 5120 -151 ) (-3072 5120 3319 ) (-4096 5120 3319 ) (-4096 5120 -151 ) 
4 146 148 (-4096 5120 -151 ) (-4096 5120 3319 ) (-4096 6089 3319 ) (-4096 6089 -151 ) 
4 146 147 (-3072 6089 -151 ) (-3072 5120 -151 ) (-4096 5120 -151 ) (-4096 6089 -151 ) 
4 147 151 (-3072 5120 -285 ) (-3072 5120 -151 ) (-4096 5120 -151 ) (-4096 5120 -285 ) 
4 147 149 (-4096 5120 -285 ) (-4096 5120 -151 ) (-4096 6089 -151 ) (-4096 6089 -285 ) 
4 148 158 (-5120 5120 -151 ) (-5120 5120 3319 ) (-5120 6089 3319 ) (-5120 6089 -151 ) 
4 148 152 (-4096 5120 -151 ) (-4096 5120 3319 ) (-5120 5120 3319 ) (-5120 5120 -151 ) 
4 148 149 (-5120 5120 -151 ) (-5120 6089 -151 ) (-4096 6089 -151 ) (-4096 5120 -151 ) 
4 149 159 (-5120 5120 -285 ) (-5120 5120 -151 ) (-5120 6089 -151 ) (-5120 6089 -285 ) 
4 149 153 (-4096 5120 -285 ) (-4096 5120 -151 ) (-5120 5120 -151 ) (-5120 5120 -285 ) 
4 150 154 (-3072 4096 -151 ) (-3072 4096 3319 ) (-4096 4096 3319 ) (-4096 4096 -151 ) 
4 150 152 (-4096 4096 -151 ) (-4096 4096 3319 ) (-4096 5120 3319 ) (-4096 5120 -151 ) 
4 150 151 (-3072 4096 -151 ) (-4096 4096 -151 ) (-4096 5120 -151 ) (-3072 5120 -151 ) 
4 151 155 (-3072 4096 -285 ) (-3072 4096 -151 ) (-4096 4096 -151 ) (-4096 4096 -285 ) 
4 151 153 (-4096 4096 -285 ) (-4096 4096 -151 ) (-4096 5120 -151 ) (-4096 5120 -285 ) 
4 152 162 (-5120 4096 -151 ) (-5120 4096 3319 ) (-5120 5120 3319 ) (-5120 5120 -151 ) 
4 152 156 (-5120 4096 3319 ) (-5120 4096 -151 ) (-4096 4096 -151 ) (-4096 4096 3319 ) 
4 152 153 (-5120 5120 -151 ) (-4096 5120 -151 ) (-4096 4096 -151 ) (-5120 4096 -151 ) 
4 153 163 (-5120 4096 -285 ) (-5120 4096 -151 ) (-5120 5120 -151 ) (-5120 5120 -285 ) 
4 153 157 (-5120 4096 -151 ) (-5120 4096 -285 ) (-4096 4096 -285 ) (-4096 4096 -151 ) 
4 154 210 (-3072 3072 -151 ) (-3072 3072 3319 ) (-4096 3072 3319 ) (-4096 3072 -151 ) 
4 154 156 (-4096 4096 3319 ) (-4096 4096 -151 ) (-4096 3072 -151 ) (-4096 3072 3319 ) 
4 154 155 (-4096 4096 -151 ) (-3072 4096 -151 ) (-3072 3072 -151 ) (-4096 3072 -151 ) 
4 155 211 (-3072 3072 -285 ) (-3072 3072 -151 ) (-4096 3072 -151 ) (-4096 3072 -285 ) 
4 155 157 (-4096 4096 -151 ) (-4096 4096 -285 ) (-4096 3072 -285 ) (-4096 3072 -151 ) 
4 156 212 (-4096 3072 -151 ) (-4096 3072 3319 ) (-5120 3072 3319 ) (-5120 3072 -151 ) 
4 156 164 (-5120 3072 -151 ) (-5120 3072 3319 ) (-5120 4096 3319 ) (-5120 4096 -151 ) 
4 156 157 (-5120 3072 -151 ) (-5120 4096 -151 ) (-4096 4096 -151 ) (-4096 3072 -151 ) 
4 157 213 (-4096 3072 -285 ) (-4096 3072 -151 ) (-5120 3072 -151 ) (-5120 3072 -285 ) 
4 157 165 (-5120 3072 -285 ) (-5120 3072 -151 ) (-5120 4096 -151 ) (-5120 4096 -285 ) 
4 158 162 (-5120 5120 -151 ) (-5120 5120 3319 ) (-6144 5120 3319 ) (-6144 5120 -151 ) 
4 158 160 (-6144 5120 -151 ) (-6144 5120 3319 ) (-6144 6089 3319 ) (-6144 6089 -151 ) 
4 158 159 (-6144 5120 -151 ) (-6144 6089 -151 ) (-5120 6089 -151 ) (-5120 5120 -151 ) 
4 159 163 (-5120 5120 -285 ) (-5120 5120 -151 ) (-6144 5120 -151 ) (-6144 5120 -285 ) 
4 159 161 (-6144 5120 -285 ) (-6144 5120 -151 ) (-6144 6089 -151 ) (-6144 6089 -285 ) 
4 160 166 (-6144 5120 -151 ) (-6144 5120 3319 ) (-6470 5120 3319 ) (-6470 5120 -151 ) 
4 160 161 (-6144 6089 -151 ) (-6144 5120 -151 ) (-6470 5120 -151 ) (-6470 6089 -151 ) 
4 161 167 (-6144 5120 -285 ) (-6144 5120 -151 ) (-6470 5120 -151 ) (-6470 5120 -285 ) 
4 162 166 (-6144 5120 3319 ) (-6144 5120 -151 ) (-6144 4096 -151 ) (-6144 4096 3319 ) 
4 162 164 (-5120 4096 -151 ) (-5120 4096 3319 ) (-6144 4096 3319 ) (-6144 4096 -151 ) 
4 162 163 (-6144 4096 -151 ) (-6144 5120 -151 ) (-5120 5120 -151 ) (-5120 4096 -151 ) 
4 163 167 (-6144 5120 -151 ) (-6144 5120 -285 ) (-6144 4096 -285 ) (-6144 4096 -151 ) 
4 163 165 (-5120 4096 -285 ) (-5120 4096 -151 ) (-6144 4096 -151 ) (-6144 4096 -285 ) 
4 164 218 (-5120 3072 -151 ) (-5120 3072 3319 ) (-6144 3072 3319 ) (-6144 3072 -151 ) 
4 164 168 (-6144 3072 -151 ) (-6144 3072 3319 ) (-6144 4096 3319 ) (-6144 4096 -151 ) 
4 164 165 (-5120 3072 -151 ) (-6144 3072 -151 ) (-6144 4096 -151 ) (-5120 4096 -151 ) 
4 165 219 (-5120 3072 -285 ) (-5120 3072 -151 ) (-6144 3072 -151 ) (-6144 3072 -285 ) 
4 165 169 (-6144 3072 -285 ) (-6144 3072 -151 ) (-6144 4096 -151 ) (-6144 4096 -285 ) 
4 166 168 (-6144 4096 -151 ) (-6144 4096 3319 ) (-6470 4096 3319 ) (-6470 4096 -151 ) 
4 166 167 (-6144 4096 -151 ) (-6470 4096 -151 ) (-6470 5120 -151 ) (-6144 5120 -151 ) 
4 167 169 (-6144 4096 -285 ) (-6144 4096 -151 ) (-6470 4096 -151 ) (-6470 4096 -285 ) 
4 168 222 (-6144 3072 -151 ) (-6144 3072 3319 ) (-6470 3072 3319 ) (-6470 3072 -151 ) 
4 168 169 (-6470 4096 -151 ) (-6144 4096 -151 ) (-6144 3072 -151 ) (-6470 3072 -151 ) 
4 169 223 (-6144 3072 -285 ) (-6144 3072 -151 ) (-6470 3072 -151 ) (-6470 3072 -285 ) 
4 170 174 (1024 2048 -151 ) (1024 2048 3319 ) (0 2048 3319 ) (0 2048 -151 ) 
4 170 172 (0 3072 3319 ) (0 3072 -151 ) (0 2048 -151 ) (0 2048 3319 ) 
4 170 171 (1024 2048 -151 ) (0 2048 -151 ) (0 3072 -151 ) (1024 3072 -151 ) 
4 171 175 (1024 2048 -285 ) (1024 2048 -151 ) (0 2048 -151 ) (0 2048 -285 ) 
4 171 173 (0 3072 -151 ) (0 3072 -285 ) (0 2048 -285 ) (0 2048 -151 ) 
4 172 178 (-1024 3072 3319 ) (-1024 3072 -151 ) (-1024 2048 -151 ) (-1024 2048 3319 ) 
4 172 176 (0 2048 -151 ) (0 2048 3319 ) (-1024 2048 3319 ) (-1024 2048 -151 ) 
4 172 173 (-1024 3072 -151 ) (0 3072 -151 ) (0 2048 -151 ) (-1024 2048 -151 ) 
4 173 179 (-1024 3072 -151 ) (-1024 3072 -285 ) (-1024 2048 -285 ) (-1024 2048 -151 ) 
4 173 177 (0 2048 -285 ) (0 2048 -151 ) (-1024 2048 -151 ) (-1024 2048 -285 ) 
4 174 186 (1024 1024 -151 ) (1024 1024 3319 ) (0 1024 3319 ) (0 1024 -151 ) 
4 174 176 (0 2048 3319 ) (0 2048 -151 ) (0 1024 -151 ) (0 1024 3319 ) 
4 174 175 (1024 1024 -151 ) (0 1024 -151 ) (0 2048 -151 ) (1024 2048 -151 ) 
4 175 187 (1024 1024 -285 ) (1024 1024 -151 ) (0 1024 -151 ) (0 1024 -285 ) 
4 175 177 (0 2048 -151 ) (0 2048 -285 ) (0 1024 -285 ) (0 1024 -151 ) 
4 176 188 (0 1024 -151 ) (0 1024 3319 ) (-1024 1024 3319 ) (-1024 1024 -151 ) 
4 176 182 (-1024 1024 -151 ) (-1024 1024 3319 ) (-1024 2048 3319 ) (-1024 2048 -151 ) 
4 176 177 (0 2048 -151 ) (0 1024 -151 ) (-1024 1024 -151 ) (-1024 2048 -151 ) 
4 177 189 (0 1024 -285 ) (0 1024 -151 ) (-1024 1024 -151 ) (-1024 1024 -285 ) 
4 177 183 (-1024 1024 -285 ) (-1024 1024 -151 ) (-1024 2048 -151 ) (-1024 2048 -285 ) 
4 178 182 (-1024 2048 -151 ) (-1024 2048 3319 ) (-2048 2048 3319 ) (-2048 2048 -151 ) 
4 178 180 (-2048 3072 3319 ) (-2048 3072 -151 ) (-2048 2048 -151 ) (-2048 2048 3319 ) 
4 178 179 (-1024 2048 -151 ) (-2048 2048 -151 ) (-2048 3072 -151 ) (-1024 3072 -151 ) 
4 179 183 (-1024 2048 -285 ) (-1024 2048 -151 ) (-2048 2048 -151 ) (-2048 2048 -285 ) 
4 179 181 (-2048 3072 -151 ) (-2048 3072 -285 ) (-2048 2048 -285 ) (-2048 2048 -151 ) 
4 180 210 (-3072 3072 3319 ) (-3072 3072 -151 ) (-3072 2048 -151 ) (-3072 2048 3319 ) 
4 180 184 (-2048 2048 -151 ) (-2048 2048 3319 ) (-3072 2048 3319 ) (-3072 2048 -151 ) 
4 180 181 (-3072 3072 -151 ) (-2048 3072 -151 ) (-2048 2048 -151 ) (-3072 2048 -151 ) 
4 181 211 (-3072 3072 -151 ) (-3072 3072 -285 ) (-3072 2048 -285 ) (-3072 2048 -151 ) 
4 181 185 (-2048 2048 -285 ) (-2048 2048 -151 ) (-3072 2048 -151 ) (-3072 2048 -285 ) 
4 182 198 (-1024 1024 -151 ) (-1024 1024 3319 ) (-2048 1024 3319 ) (-2048 1024 -151 ) 
4 182 184 (-2048 2048 3319 ) (-2048 2048 -151 ) (-2048 1024 -151 ) (-2048 1024 3319 ) 
4 182 183 (-2048 2048 -151 ) (-1024 2048 -151 ) (-1024 1024 -151 ) (-2048 1024 -151 ) 
4 183 199 (-1024 1024 -285 ) (-1024 1024 -151 ) (-2048 1024 -151 ) (-2048 1024 -285 ) 
4 183 185 (-2048 2048 -151 ) (-2048 2048 -285 ) (-2048 1024 -285 ) (-2048 1024 -151 ) 
4 184 214 (-3072 1024 -151 ) (-3072 1024 3319 ) (-3072 2048 3319 ) (-3072 2048 -151 ) 
4 184 200 (-2048 1024 -151 ) (-2048 1024 3319 ) (-3072 1024 3319 ) (-3072 1024 -151 ) 
4 184 185 (-2048 2048 -151 ) (-2048 1024 -151 ) (-3072 1024 -151 ) (-3072 2048 -151 ) 
4 185 215 (-3072 1024 -285 ) (-3072 1024 -151 ) (-3072 2048 -151 ) (-3072 2048 -285 ) 
4 185 201 (-2048 1024 -285 ) (-2048 1024 -151 ) (-3072 1024 -151 ) (-3072 1024 -285 ) 
4 186 190 (1024 0 -151 ) (1024 0 3319 ) (0 0 3319 ) (0 0 -151 ) 
4 186 188 (0 1024 3319 ) (0 1024 -151 ) (0 0 -151 ) (0 0 3319 ) 
4 186 187 (1024 0 -151 ) (0 0 -151 ) (0 1024 -151 ) (1024 1024 -151 ) 
4 187 191 (1024 0 -285 ) (1024 0 -151 ) (0 0 -151 ) (0 0 -285 ) 
4 187 189 (0 1024 -151 ) (0 1024 -285 ) (0 0 -285 ) (0 0 -151 ) 
4 188 198 (-1024 1024 3319 ) (-1024 1024 -151 ) (-1024 0 -151 ) (-1024 0 3319 ) 
4 188 192 (0 0 -151 ) (0 0 3319 ) (-1024 0 3319 ) (-1024 0 -151 ) 
4 188 189 (-1024 1024 -151 ) (0 1024 -151 ) (0 0 -151 ) (-1024 0 -151 ) 
4 189 199 (-1024 1024 -151 ) (-1024 1024 -285 ) (-1024 0 -285 ) (-1024 0 -151 ) 
4 189 193 (0 0 -285 ) (0 0 -151 ) (-1024 0 -151 ) (-1024 0 -285 ) 
4 190 194 (1024 -1024 -151 ) (1024 -1024 3319 ) (0 -1024 3319 ) (0 -1024 -151 ) 
4 190 192 (0 -1024 -151 ) (0 -1024 3319 ) (0 0 3319 ) (0 0 -151 ) 
4 190 191 (1024 -1024 -151 ) (0 -1024 -151 ) (0 0 -151 ) (1024 0 -151 ) 
4 191 195 (1024 -1024 -285 ) (1024 -1024 -151 ) (0 -1024 -151 ) (0 -1024 -285 ) 
4 191 193 (0 -1024 -285 ) (0 -1024 -151 ) (0 0 -151 ) (0 0 -285 ) 
4 192 202 (-1024 -1024 -151 ) (-1024 -1024 3319 ) (-1024 0 3319 ) (-1024 0 -151 ) 
4 192 196 (-1024 -1024 3319 ) (-1024 -1024 -151 ) (0 -1024 -151 ) (0 -1024 3319 ) 
4 192 193 (-1024 0 -151 ) (0 0 -151 ) (0 -1024 -151 ) (-1024 -1024 -151 ) 
4 193 203 (-1024 -1024 -285 ) (-1024 -1024 -151 ) (-1024 0 -151 ) (-1024 0 -285 ) 
4 193 197 (-1024 -1024 -151 ) (-1024 -1024 -285 ) (0 -1024 -285 ) (0 -1024 -151 ) 
4 194 348 (1024 -2048 -151 ) (1024 -2048 3319 ) (0 -2048 3319 ) (0 -2048 -151 ) 
4 194 196 (0 -1024 3319 ) (0 -1024 -151 ) (0 -2048 -151 ) (0 -2048 3319 ) 
4 194 195 (1024 -2048 -151 ) (0 -2048 -151 ) (0 -1024 -151 ) (1024 -1024 -151 ) 
4 195 349 (1024 -2048 -285 ) (1024 -2048 -151 ) (0 -2048 -151 ) (0 -2048 -285 ) 
4 195 197 (0 -1024 -151 ) (0 -1024 -285 ) (0 -2048 -285 ) (0 -2048 -151 ) 
4 196 350 (0 -2048 -151 ) (0 -2048 3319 ) (-1024 -2048 3319 ) (-1024 -2048 -151 ) 
4 196 206 (-1024 -2048 -151 ) (-1024 -2048 3319 ) (-1024 -1024 3319 ) (-1024 -1024 -151 ) 
4 196 197 (-1024 -2048 -151 ) (-1024 -1024 -151 ) (0 -1024 -151 ) (0 -2048 -151 ) 
4 197 351 (0 -2048 -285 ) (0 -2048 -151 ) (-1024 -2048 -151 ) (-1024 -2048 -285 ) 
4 197 207 (-1024 -2048 -285 ) (-1024 -2048 -151 ) (-1024 -1024 -151 ) (-1024 -1024 -285 ) 
4 198 202 (-1024 0 -151 ) (-1024 0 3319 ) (-2048 0 3319 ) (-2048 0 -151 ) 
4 198 200 (-2048 1024 3319 ) (-2048 1024 -151 ) (-2048 0 -151 ) (-2048 0 3319 ) 
4 198 199 (-1024 0 -151 ) (-2048 0 -151 ) (-2048 1024 -151 ) (-1024 1024 -151 ) 
4 199 203 (-1024 0 -285 ) (-1024 0 -151 ) (-2048 0 -151 ) (-2048 0 -285 ) 
4 199 201 (-2048 1024 -151 ) (-2048 1024 -285 ) (-2048 0 -285 ) (-2048 0 -151 ) 
4 200 226 (-3072 0 -151 ) (-3072 0 3319 ) (-3072 1024 3319 ) (-3072 1024 -151 ) 
4 200 204 (-2048 0 -151 ) (-2048 0 3319 ) (-3072 0 3319 ) (-3072 0 -151 ) 
4 200 201 (-2048 1024 -151 ) (-2048 0 -151 ) (-3072 0 -151 ) (-3072 1024 -151 ) 
4 201 227 (-3072 0 -285 ) (-3072 0 -151 ) (-3072 1024 -151 ) (-3072 1024 -285 ) 
4 201 205 (-2048 0 -285 ) (-2048 0 -151 ) (-3072 0 -151 ) (-3072 0 -285 ) 
4 202 206 (-1024 -1024 -151 ) (-1024 -1024 3319 ) (-2048 -1024 3319 ) (-2048 -1024 -151 ) 
4 202 204 (-2048 -1024 -151 ) (-2048 -1024 3319 ) (-2048 0 3319 ) (-2048 0 -151 ) 
4 202 203 (-1024 -1024 -151 ) (-2048 -1024 -151 ) (-2048 0 -151 ) (-1024 0 -151 ) 
4 203 207 (-1024 -1024 -285 ) (-1024 -1024 -151 ) (-2048 -1024 -151 ) (-2048 -1024 -285 ) 
4 203 205 (-2048 -1024 -285 ) (-2048 -1024 -151 ) (-2048 0 -151 ) (-2048 0 -285 ) 
4 204 230 (-3072 -1024 -151 ) (-3072 -1024 3319 ) (-3072 0 3319 ) (-3072 0 -151 ) 
4 204 208 (-3072 -1024 3319 ) (-3072 -1024 -151 ) (-2048 -1024 -151 ) (-2048 -1024 3319 ) 
4 204 205 (-3072 0 -151 ) (-2048 0 -151 ) (-2048 -1024 -151 ) (-3072 -1024 -151 ) 
4 205 231 (-3072 -1024 -285 ) (-3072 -1024 -151 ) (-3072 0 -151 ) (-3072 0 -285 ) 
4 205 209 (-3072 -1024 -151 ) (-3072 -1024 -285 ) (-2048 -1024 -285 ) (-2048 -1024 -151 ) 
4 206 356 (-1024 -2048 -151 ) (-1024 -2048 3319 ) (-2048 -2048 3319 ) (-2048 -2048 -151 ) 
4 206 208 (-2048 -1024 3319 ) (-2048 -1024 -151 ) (-2048 -2048 -151 ) (-2048 -2048 3319 ) 
4 206 207 (-1024 -2048 -151 ) (-2048 -2048 -151 ) (-2048 -1024 -151 ) (-1024 -1024 -151 ) 
4 207 357 (-1024 -2048 -285 ) (-1024 -2048 -151 ) (-2048 -2048 -151 ) (-2048 -2048 -285 ) 
4 207 209 (-2048 -1024 -151 ) (-2048 -1024 -285 ) (-2048 -2048 -285 ) (-2048 -2048 -151 ) 
4 208 358 (-2048 -2048 -151 ) (-2048 -2048 3319 ) (-3072 -2048 3319 ) (-3072 -2048 -151 ) 
4 208 234 (-3072 -2048 -151 ) (-3072 -2048 3319 ) (-3072 -1024 3319 ) (-3072 -1024 -151 ) 
4 208 209 (-3072 -2048 -151 ) (-3072 -1024 -151 ) (-2048 -1024 -151 ) (-2048 -2048 -151 ) 
4 209 359 (-2048 -2048 -285 ) (-2048 -2048 -151 ) (-3072 -2048 -151 ) (-3072 -2048 -285 ) 
4 209 235 (-3072 -2048 -285 ) (-3072 -2048 -151 ) (-3072 -1024 -151 ) (-3072 -1024 -285 ) 
4 210 214 (-3072 2048 -151 ) (-3072 2048 3319 ) (-4096 2048 3319 ) (-4096 2048 -151 ) 
4 210 212 (-4096 3072 3319 ) (-4096 3072 -151 ) (-4096 2048 -151 ) (-4096 2048 3319 ) 
4 210 211 (-3072 2048 -151 ) (-4096 2048 -151 ) (-4096 3072 -151 ) (-3072 3072 -151 ) 
4 211 215 (-3072 2048 -285 ) (-3072 2048 -151 ) (-4096 2048 -151 ) (-4096 2048 -285 ) 
4 211 213 (-4096 3072 -151 ) (-4096 3072 -285 ) (-4096 2048 -285 ) (-4096 2048 -151 ) 
4 212 218 (-5120 3072 3319 ) (-5120 3072 -151 ) (-5120 2048 -151 ) (-5120 2048 3319 ) 
4 212 216 (-4096 2048 -151 ) (-4096 2048 3319 ) (-5120 2048 3319 ) (-5120 2048 -151 ) 
4 212 213 (-5120 3072 -151 ) (-4096 3072 -151 ) (-4096 2048 -151 ) (-5120 2048 -151 ) 
4 213 219 (-5120 3072 -151 ) (-5120 3072 -285 ) (-5120 2048 -285 ) (-5120 2048 -151 ) 
4 213 217 (-4096 2048 -285 ) (-4096 2048 -151 ) (-5120 2048 -151 ) (-5120 2048 -285 ) 
4 214 226 (-3072 1024 -151 ) (-3072 1024 3319 ) (-4096 1024 3319 ) (-4096 1024 -151 ) 
4 214 216 (-4096 2048 3319 ) (-4096 2048 -151 ) (-4096 1024 -151 ) (-4096 1024 3319 ) 
4 214 215 (-3072 1024 -151 ) (-4096 1024 -151 ) (-4096 2048 -151 ) (-3072 2048 -151 ) 
4 215 227 (-3072 1024 -285 ) (-3072 1024 -151 ) (-4096 1024 -151 ) (-4096 1024 -285 ) 
4 215 217 (-4096 2048 -151 ) (-4096 2048 -285 ) (-4096 1024 -285 ) (-4096 1024 -151 ) 
4 216 228 (-4096 1024 -151 ) (-4096 1024 3319 ) (-5120 1024 3319 ) (-5120 1024 -151 ) 
4 216 220 (-5120 1024 -151 ) (-5120 1024 3319 ) (-5120 2048 3319 ) (-5120 2048 -151 ) 
4 216 217 (-4096 2048 -151 ) (-4096 1024 -151 ) (-5120 1024 -151 ) (-5120 2048 -151 ) 
4 217 229 (-4096 1024 -285 ) (-4096 1024 -151 ) (-5120 1024 -151 ) (-5120 1024 -285 ) 
4 217 221 (-5120 1024 -285 ) (-5120 1024 -151 ) (-5120 2048 -151 ) (-5120 2048 -285 ) 
4 218 222 (-6144 2048 -151 ) (-6144 2048 3319 ) (-6144 3072 3319 ) (-6144 3072 -151 ) 
4 218 220 (-5120 2048 -151 ) (-5120 2048 3319 ) (-6144 2048 3319 ) (-6144 2048 -151 ) 
4 218 219 (-6144 2048 -151 ) (-6144 3072 -151 ) (-5120 3072 -151 ) (-5120 2048 -151 ) 
4 219 223 (-6144 2048 -285 ) (-6144 2048 -151 ) (-6144 3072 -151 ) (-6144 3072 -285 ) 
4 219 221 (-5120 2048 -285 ) (-5120 2048 -151 ) (-6144 2048 -151 ) (-6144 2048 -285 ) 
4 220 238 (-5120 1024 -151 ) (-5120 1024 3319 ) (-6144 1024 3319 ) (-6144 1024 -151 ) 
4 220 224 (-6144 1024 -151 ) (-6144 1024 3319 ) (-6144 2048 3319 ) (-6144 2048 -151 ) 
4 220 221 (-6144 1024 -151 ) (-6144 2048 -151 ) (-5120 2048 -151 ) (-5120 1024 -151 ) 
4 221 239 (-5120 1024 -285 ) (-5120 1024 -151 ) (-6144 1024 -151 ) (-6144 1024 -285 ) 
4 221 225 (-6144 1024 -285 ) (-6144 1024 -151 ) (-6144 2048 -151 ) (-6144 2048 -285 ) 
4 222 224 (-6144 2048 -151 ) (-6144 2048 3319 ) (-6470 2048 3319 ) (-6470 2048 -151 ) 
4 222 223 (-6144 2048 -151 ) (-6470 2048 -151 ) (-6470 3072 -151 ) (-6144 3072 -151 ) 
4 223 225 (-6144 2048 -285 ) (-6144 2048 -151 ) (-6470 2048 -151 ) (-6470 2048 -285 ) 
4 224 240 (-6144 1024 -151 ) (-6144 1024 3319 ) (-6470 1024 3319 ) (-6470 1024 -151 ) 
4 224 225 (-6470 2048 -151 ) (-6144 2048 -151 ) (-6144 1024 -151 ) (-6470 1024 -151 ) 
4 225 241 (-6144 1024 -285 ) (-6144 1024 -151 ) (-6470 1024 -151 ) (-6470 1024 -285 ) 
4 226 230 (-3072 0 -151 ) (-3072 0 3319 ) (-4096 0 3319 ) (-4096 0 -151 ) 
4 226 228 (-4096 1024 3319 ) (-4096 1024 -151 ) (-4096 0 -151 ) (-4096 0 3319 ) 
4 226 227 (-3072 0 -151 ) (-4096 0 -151 ) (-4096 1024 -151 ) (-3072 1024 -151 ) 
4 227 231 (-3072 0 -285 ) (-3072 0 -151 ) (-4096 0 -151 ) (-4096 0 -285 ) 
4 227 229 (-4096 1024 -151 ) (-4096 1024 -285 ) (-4096 0 -285 ) (-4096 0 -151 ) 
4 228 238 (-5120 1024 3319 ) (-5120 1024 -151 ) (-5120 0 -151 ) (-5120 0 3319 ) 
4 228 232 (-4096 0 -151 ) (-4096 0 3319 ) (-5120 0 3319 ) (-5120 0 -151 ) 
4 228 229 (-5120 1024 -151 ) (-4096 1024 -151 ) (-4096 0 -151 ) (-5120 0 -151 ) 
4 229 239 (-5120 1024 -151 ) (-5120 1024 -285 ) (-5120 0 -285 ) (-5120 0 -151 ) 
4 229 233 (-4096 0 -285 ) (-4096 0 -151 ) (-5120 0 -151 ) (-5120 0 -285 ) 
4 230 234 (-3072 -1024 -151 ) (-3072 -1024 3319 ) (-4096 -1024 3319 ) (-4096 -1024 -151 ) 
4 230 232 (-4096 -1024 -151 ) (-4096 -1024 3319 ) (-4096 0 3319 ) (-4096 0 -151 ) 
4 230 231 (-3072 -1024 -151 ) (-4096 -1024 -151 ) (-4096 0 -151 ) (-3072 0 -151 ) 
4 231 235 (-3072 -1024 -285 ) (-3072 -1024 -151 ) (-4096 -1024 -151 ) (-4096 -1024 -285 ) 
4 231 233 (-4096 -1024 -285 ) (-4096 -1024 -151 ) (-4096 0 -151 ) (-4096 0 -285 ) 
4 232 242 (-5120 -1024 -151 ) (-5120 -1024 3319 ) (-5120 0 3319 ) (-5120 0 -151 ) 
4 232 236 (-5120 -1024 3319 ) (-5120 -1024 -151 ) (-4096 -1024 -151 ) (-4096 -1024 3319 ) 
4 232 233 (-5120 0 -151 ) (-4096 0 -151 ) (-4096 -1024 -151 ) (-5120 -1024 -151 ) 
4 233 243 (-5120 -1024 -285 ) (-5120 -1024 -151 ) (-5120 0 -151 ) (-5120 0 -285 ) 
4 233 237 (-5120 -1024 -151 ) (-5120 -1024 -285 ) (-4096 -1024 -285 ) (-4096 -1024 -151 ) 
4 234 388 (-3072 -2048 -151 ) (-3072 -2048 3319 ) (-4096 -2048 3319 ) (-4096 -2048 -151 ) 
4 234 236 (-4096 -1024 3319 ) (-4096 -1024 -151 ) (-4096 -2048 -151 ) (-4096 -2048 3319 ) 
4 234 235 (-3072 -2048 -151 ) (-4096 -2048 -151 ) (-4096 -1024 -151 ) (-3072 -1024 -151 ) 
4 235 389 (-3072 -2048 -285 ) (-3072 -2048 -151 ) (-4096 -2048 -151 ) (-4096 -2048 -285 ) 
4 235 237 (-4096 -1024 -151 ) (-4096 -1024 -285 ) (-4096 -2048 -285 ) (-4096 -2048 -151 ) 
4 236 390 (-4096 -2048 -151 ) (-4096 -2048 3319 ) (-5120 -2048 3319 ) (-5120 -2048 -151 ) 
4 236 244 (-5120 -2048 -151 ) (-5120 -2048 3319 ) (-5120 -1024 3319 ) (-5120 -1024 -151 ) 
4 236 237 (-5120 -2048 -151 ) (-5120 -1024 -151 ) (-4096 -1024 -151 ) (-4096 -2048 -151 ) 
4 237 391 (-4096 -2048 -285 ) (-4096 -2048 -151 ) (-5120 -2048 -151 ) (-5120 -2048 -285 ) 
4 237 245 (-5120 -2048 -285 ) (-5120 -2048 -151 ) (-5120 -1024 -151 ) (-5120 -1024 -285 ) 
4 238 242 (-5120 0 -151 ) (-5120 0 3319 ) (-6144 0 3319 ) (-6144 0 -151 ) 
4 238 240 (-6144 1024 3319 ) (-6144 1024 -151 ) (-6144 0 -151 ) (-6144 0 3319 ) 
4 238 239 (-5120 0 -151 ) (-6144 0 -151 ) (-6144 1024 -151 ) (-5120 1024 -151 ) 
4 239 243 (-5120 0 -285 ) (-5120 0 -151 ) (-6144 0 -151 ) (-6144 0 -285 ) 
4 239 241 (-6144 1024 -151 ) (-6144 1024 -285 ) (-6144 0 -285 ) (-6144 0 -151 ) 
4 240 246 (-6144 0 -151 ) (-6144 0 3319 ) (-6470 0 3319 ) (-6470 0 -151 ) 
4 240 241 (-6144 0 -151 ) (-6470 0 -151 ) (-6470 1024 -151 ) (-6144 1024 -151 ) 
4 241 247 (-6144 0 -285 ) (-6144 0 -151 ) (-6470 0 -151 ) (-6470 0 -285 ) 
4 242 246 (-6144 0 3319 ) (-6144 0 -151 ) (-6144 -1024 -151 ) (-6144 -1024 3319 ) 
4 242 244 (-5120 -1024 -151 ) (-5120 -1024 3319 ) (-6144 -1024 3319 ) (-6144 -1024 -151 ) 
4 242 243 (-6144 -1024 -151 ) (-6144 0 -151 ) (-5120 0 -151 ) (-5120 -1024 -151 ) 
4 243 247 (-6144 0 -151 ) (-6144 0 -285 ) (-6144 -1024 -285 ) (-6144 -1024 -151 ) 
4 243 245 (-5120 -1024 -285 ) (-5120 -1024 -151 ) (-6144 -1024 -151 ) (-6144 -1024 -285 ) 
4 244 396 (-5120 -2048 -151 ) (-5120 -2048 3319 ) (-6144 -2048 3319 ) (-6144 -2048 -151 ) 
4 244 248 (-6144 -2048 -151 ) (-6144 -2048 3319 ) (-6144 -1024 3319 ) (-6144 -1024 -151 ) 
4 244 245 (-5120 -2048 -151 ) (-6144 -2048 -151 ) (-6144 -1024 -151 ) (-5120 -1024 -151 ) 
4 245 397 (-5120 -2048 -285 ) (-5120 -2048 -151 ) (-6144 -2048 -151 ) (-6144 -2048 -285 ) 
4 245 249 (-6144 -2048 -285 ) (-6144 -2048 -151 ) (-6144 -1024 -151 ) (-6144 -1024 -285 ) 
4 246 248 (-6144 -1024 -151 ) (-6144 -1024 3319 ) (-6470 -1024 3319 ) (-6470 -1024 -151 ) 
4 246 247 (-6144 -1024 -151 ) (-6470 -1024 -151 ) (-6470 0 -151 ) (-6144 0 -151 ) 
4 247 249 (-6144 -1024 -285 ) (-6144 -1024 -151 ) (-6470 -1024 -151 ) (-6470 -1024 -285 ) 
4 248 400 (-6144 -2048 -151 ) (-6144 -2048 3319 ) (-6470 -2048 3319 ) (-6470 -2048 -151 ) 
4 248 249 (-6470 -1024 -151 ) (-6144 -1024 -151 ) (-6144 -2048 -151 ) (-6470 -2048 -151 ) 
4 249 401 (-6144 -2048 -285 ) (-6144 -2048 -151 ) (-6470 -2048 -151 ) (-6470 -2048 -285 ) 
4 250 254 (7168 -2048 3319 ) (7168 -2048 -151 ) (7168 -3072 -151 ) (7168 -3072 3319 ) 
4 250 252 (7864 -3072 3319 ) (7168 -3072 3319 ) (7168 -3072 -151 ) (7864 -3072 -151 ) 
4 250 251 (7864 -3072 -151 ) (7168 -3072 -151 ) (7168 -2048 -151 ) (7864 -2048 -151 ) 
4 251 255 (7168 -2048 -151 ) (7168 -2048 -285 ) (7168 -3072 -285 ) (7168 -3072 -151 ) 
4 251 253 (7864 -3072 -285 ) (7864 -3072 -151 ) (7168 -3072 -151 ) (7168 -3072 -285 ) 
4 252 262 (7864 -4096 3319 ) (7168 -4096 3319 ) (7168 -4096 -151 ) (7864 -4096 -151 ) 
4 252 258 (7168 -4096 -151 ) (7168 -4096 3319 ) (7168 -3072 3319 ) (7168 -3072 -151 ) 
4 252 253 (7864 -4096 -151 ) (7168 -4096 -151 ) (7168 -3072 -151 ) (7864 -3072 -151 ) 
4 253 263 (7864 -4096 -285 ) (7864 -4096 -151 ) (7168 -4096 -151 ) (7168 -4096 -285 ) 
4 253 259 (7168 -4096 -285 ) (7168 -4096 -151 ) (7168 -3072 -151 ) (7168 -3072 -285 ) 
4 254 258 (7168 -3072 -151 ) (7168 -3072 3319 ) (6144 -3072 3319 ) (6144 -3072 -151 ) 
4 254 256 (6144 -2048 3319 ) (6144 -2048 -151 ) (6144 -3072 -151 ) (6144 -3072 3319 ) 
4 254 255 (7168 -3072 -151 ) (6144 -3072 -151 ) (6144 -2048 -151 ) (7168 -2048 -151 ) 
4 255 259 (7168 -3072 -285 ) (7168 -3072 -151 ) (6144 -3072 -151 ) (6144 -3072 -285 ) 
4 255 257 (6144 -2048 -151 ) (6144 -2048 -285 ) (6144 -3072 -285 ) (6144 -3072 -151 ) 
4 256 280 (5120 -2048 3319 ) (5120 -2048 -151 ) (5120 -3072 -151 ) (5120 -3072 3319 ) 
4 256 260 (6144 -3072 -151 ) (6144 -3072 3319 ) (5120 -3072 3319 ) (5120 -3072 -151 ) 
4 256 257 (5120 -2048 -151 ) (6144 -2048 -151 ) (6144 -3072 -151 ) (5120 -3072 -151 ) 
4 257 281 (5120 -2048 -151 ) (5120 -2048 -285 ) (5120 -3072 -285 ) (5120 -3072 -151 ) 
4 257 261 (6144 -3072 -285 ) (6144 -3072 -151 ) (5120 -3072 -151 ) (5120 -3072 -285 ) 
4 258 268 (7168 -4096 -151 ) (7168 -4096 3319 ) (6144 -4096 3319 ) (6144 -4096 -151 ) 
4 258 260 (6144 -3072 3319 ) (6144 -3072 -151 ) (6144 -4096 -151 ) (6144 -4096 3319 ) 
4 258 259 (6144 -3072 -151 ) (7168 -3072 -151 ) (7168 -4096 -151 ) (6144 -4096 -151 ) 
4 259 269 (7168 -4096 -285 ) (7168 -4096 -151 ) (6144 -4096 -151 ) (6144 -4096 -285 ) 
4 259 261 (6144 -3072 -151 ) (6144 -3072 -285 ) (6144 -4096 -285 ) (6144 -4096 -151 ) 
4 260 284 (5120 -4096 -151 ) (5120 -4096 3319 ) (5120 -3072 3319 ) (5120 -3072 -151 ) 
4 260 270 (6144 -4096 -151 ) (6144 -4096 3319 ) (5120 -4096 3319 ) (5120 -4096 -151 ) 
4 260 261 (6144 -3072 -151 ) (6144 -4096 -151 ) (5120 -4096 -151 ) (5120 -3072 -151 ) 
4 261 285 (5120 -4096 -285 ) (5120 -4096 -151 ) (5120 -3072 -151 ) (5120 -3072 -285 ) 
4 261 271 (6144 -4096 -285 ) (6144 -4096 -151 ) (5120 -4096 -151 ) (5120 -4096 -285 ) 
4 262 268 (7168 -4096 3319 ) (7168 -4096 -151 ) (7168 -5120 -151 ) (7168 -5120 3319 ) 
4 262 264 (7864 -5120 3319 ) (7168 -5120 3319 ) (7168 -5120 -151 ) (7864 -5120 -151 ) 
4 262 263 (7864 -5120 -151 ) (7168 -5120 -151 ) (7168 -4096 -151 ) (7864 -4096 -151 ) 
4 263 269 (7168 -4096 -151 ) (7168 -4096 -285 ) (7168 -5120 -285 ) (7168 -5120 -151 ) 
4 263 265 (7864 -5120 -285 ) (7864 -5120 -151 ) (7168 -5120 -151 ) (7168 -5120 -285 ) 
4 264 272 (7168 -6144 -151 ) (7168 -6144 3319 ) (7168 -5120 3319 ) (7168 -5120 -151 ) 
4 264 266 (7168 -6144 3319 ) (7168 -6144 -151 ) (7864 -6144 -151 ) (7864 -6144 3319 ) 
4 264 265 (7864 -6144 -151 ) (7168 -6144 -151 ) (7168 -5120 -151 ) (7864 -5120 -151 ) 
4 265 273 (7168 -6144 -285 ) (7168 -6144 -151 ) (7168 -5120 -151 ) (7168 -5120 -285 ) 
4 265 267 (7168 -6144 -151 ) (7168 -6144 -285 ) (7864 -6144 -285 ) (7864 -6144 -151 ) 
4 266 320 (7864 -7168 3319 ) (7168 -7168 3319 ) (7168 -7168 -151 ) (7864 -7168 -151 ) 
4 266 276 (7168 -7168 -151 ) (7168 -7168 3319 ) (7168 -6144 3319 ) (7168 -6144 -151 ) 
4 266 267 (7864 -7168 -151 ) (7168 -7168 -151 ) (7168 -6144 -151 ) (7864 -6144 -151 ) 
4 267 321 (7864 -7168 -285 ) (7864 -7168 -151 ) (7168 -7168 -151 ) (7168 -7168 -285 ) 
4 267 277 (7168 -7168 -285 ) (7168 -7168 -151 ) (7168 -6144 -151 ) (7168 -6144 -285 ) 
4 268 272 (7168 -5120 -151 ) (7168 -5120 3319 ) (6144 -5120 3319 ) (6144 -5120 -151 ) 
4 268 270 (6144 -4096 3319 ) (6144 -4096 -151 ) (6144 -5120 -151 ) (6144 -5120 3319 ) 
4 268 269 (7168 -5120 -151 ) (6144 -5120 -151 ) (6144 -4096 -151 ) (7168 -4096 -151 ) 
4 269 273 (7168 -5120 -285 ) (7168 -5120 -151 ) (6144 -5120 -151 ) (6144 -5120 -285 ) 
4 269 271 (6144 -4096 -151 ) (6144 -4096 -285 ) (6144 -5120 -285 ) (6144 -5120 -151 ) 
4 270 296 (5120 -5120 -151 ) (5120 -5120 3319 ) (5120 -4096 3319 ) (5120 -4096 -151 ) 
4 270 274 (6144 -5120 -151 ) (6144 -5120 3319 ) (5120 -5120 3319 ) (5120 -5120 -151 ) 
4 270 271 (6144 -4096 -151 ) (6144 -5120 -151 ) (5120 -5120 -151 ) (5120 -4096 -151 ) 
4 271 297 (5120 -5120 -285 ) (5120 -5120 -151 ) (5120 -4096 -151 ) (5120 -4096 -285 ) 
4 271 275 (6144 -5120 -285 ) (6144 -5120 -151 ) (5120 -5120 -151 ) (5120 -5120 -285 ) 
4 272 276 (7168 -6144 -151 ) (7168 -6144 3319 ) (6144 -6144 3319 ) (6144 -6144 -151 ) 
4 272 274 (6144 -6144 -151 ) (6144 -6144 3319 ) (6144 -5120 3319 ) (6144 -5120 -151 ) 
4 272 273 (7168 -6144 -151 ) (6144 -6144 -151 ) (6144 -5120 -151 ) (7168 -5120 -151 ) 
4 273 277 (7168 -6144 -285 ) (7168 -6144 -151 ) (6144 -6144 -151 ) (6144 -6144 -285 ) 
4 273 275 (6144 -6144 -285 ) (6144 -6144 -151 ) (6144 -5120 -151 ) (6144 -5120 -285 ) 
4 274 300 (5120 -6144 -151 ) (5120 -6144 3319 ) (5120 -5120 3319 ) (5120 -5120 -151 ) 
4 274 278 (5120 -6144 3319 ) (5120 -6144 -151 ) (6144 -6144 -151 ) (6144 -6144 3319 ) 
4 274 275 (5120 -5120 -151 ) (6144 -5120 -151 ) (6144 -6144 -151 ) (5120 -6144 -151 ) 
4 275 301 (5120 -6144 -285 ) (5120 -6144 -151 ) (5120 -5120 -151 ) (5120 -5120 -285 ) 
4 275 279 (5120 -6144 -151 ) (5120 -6144 -285 ) (6144 -6144 -285 ) (6144 -6144 -151 ) 
4 276 324 (7168 -7168 -151 ) (7168 -7168 3319 ) (6144 -7168 3319 ) (6144 -7168 -151 ) 
4 276 278 (6144 -6144 3319 ) (6144 -6144 -151 ) (6144 -7168 -151 ) (6144 -7168 3319 ) 
4 276 277 (7168 -7168 -151 ) (6144 -7168 -151 ) (6144 -6144 -151 ) (7168 -6144 -151 ) 
4 277 325 (7168 -7168 -285 ) (7168 -7168 -151 ) (6144 -7168 -151 ) (6144 -7168 -285 ) 
4 277 279 (6144 -6144 -151 ) (6144 -6144 -285 ) (6144 -7168 -285 ) (6144 -7168 -151 ) 
4 278 326 (6144 -7168 -151 ) (6144 -7168 3319 ) (5120 -7168 3319 ) (5120 -7168 -151 ) 
4 278 304 (5120 -7168 -151 ) (5120 -7168 3319 ) (5120 -6144 3319 ) (5120 -6144 -151 ) 
4 278 279 (5120 -7168 -151 ) (5120 -6144 -151 ) (6144 -6144 -151 ) (6144 -7168 -151 ) 
4 279 327 (6144 -7168 -285 ) (6144 -7168 -151 ) (5120 -7168 -151 ) (5120 -7168 -285 ) 
4 279 305 (5120 -7168 -285 ) (5120 -7168 -151 ) (5120 -6144 -151 ) (5120 -6144 -285 ) 
4 280 284 (5120 -3072 -151 ) (5120 -3072 3319 ) (4096 -3072 3319 ) (4096 -3072 -151 ) 
4 280 282 (4096 -2048 3319 ) (4096 -2048 -151 ) (4096 -3072 -151 ) (4096 -3072 3319 ) 
4 280 281 (5120 -3072 -151 ) (4096 -3072 -151 ) (4096 -2048 -151 ) (5120 -2048 -151 ) 
4 281 285 (5120 -3072 -285 ) (5120 -3072 -151 ) (4096 -3072 -151 ) (4096 -3072 -285 ) 
4 281 283 (4096 -2048 -151 ) (4096 -2048 -285 ) (4096 -3072 -285 ) (4096 -3072 -151 ) 
4 282 288 (3072 -2048 3319 ) (3072 -2048 -151 ) (3072 -3072 -151 ) (3072 -3072 3319 ) 
4 282 286 (4096 -3072 -151 ) (4096 -3072 3319 ) (3072 -3072 3319 ) (3072 -3072 -151 ) 
4 282 283 (3072 -2048 -151 ) (4096 -2048 -151 ) (4096 -3072 -151 ) (3072 -3072 -151 ) 
4 283 289 (3072 -2048 -151 ) (3072 -2048 -285 ) (3072 -3072 -285 ) (3072 -3072 -151 ) 
4 283 287 (4096 -3072 -285 ) (4096 -3072 -151 ) (3072 -3072 -151 ) (3072 -3072 -285 ) 
4 284 296 (5120 -4096 -151 ) (5120 -4096 3319 ) (4096 -4096 3319 ) (4096 -4096 -151 ) 
4 284 286 (4096 -3072 3319 ) (4096 -3072 -151 ) (4096 -4096 -151 ) (4096 -4096 3319 ) 
4 284 285 (5120 -4096 -151 ) (4096 -4096 -151 ) (4096 -3072 -151 ) (5120 -3072 -151 ) 
4 285 297 (5120 -4096 -285 ) (5120 -4096 -151 ) (4096 -4096 -151 ) (4096 -4096 -285 ) 
4 285 287 (4096 -3072 -151 ) (4096 -3072 -285 ) (4096 -4096 -285 ) (4096 -4096 -151 ) 
4 286 298 (4096 -4096 -151 ) (4096 -4096 3319 ) (3072 -4096 3319 ) (3072 -4096 -151 ) 
4 286 292 (3072 -4096 -151 ) (3072 -4096 3319 ) (3072 -3072 3319 ) (3072 -3072 -151 ) 
4 286 287 (4096 -3072 -151 ) (4096 -4096 -151 ) (3072 -4096 -151 ) (3072 -3072 -151 ) 
4 287 299 (4096 -4096 -285 ) (4096 -4096 -151 ) (3072 -4096 -151 ) (3072 -4096 -285 ) 
4 287 293 (3072 -4096 -285 ) (3072 -4096 -151 ) (3072 -3072 -151 ) (3072 -3072 -285 ) 
4 288 292 (3072 -3072 -151 ) (3072 -3072 3319 ) (2048 -3072 3319 ) (2048 -3072 -151 ) 
4 288 290 (2048 -2048 3319 ) (2048 -2048 -151 ) (2048 -3072 -151 ) (2048 -3072 3319 ) 
4 288 289 (3072 -3072 -151 ) (2048 -3072 -151 ) (2048 -2048 -151 ) (3072 -2048 -151 ) 
4 289 293 (3072 -3072 -285 ) (3072 -3072 -151 ) (2048 -3072 -151 ) (2048 -3072 -285 ) 
4 289 291 (2048 -2048 -151 ) (2048 -2048 -285 ) (2048 -3072 -285 ) (2048 -3072 -151 ) 
4 290 348 (1024 -2048 3319 ) (1024 -2048 -151 ) (1024 -3072 -151 ) (1024 -3072 3319 ) 
4 290 294 (2048 -3072 -151 ) (2048 -3072 3319 ) (1024 -3072 3319 ) (1024 -3072 -151 ) 
4 290 291 (1024 -2048 -151 ) (2048 -2048 -151 ) (2048 -3072 -151 ) (1024 -3072 -151 ) 
4 291 349 (1024 -2048 -151 ) (1024 -2048 -285 ) (1024 -3072 -285 ) (1024 -3072 -151 ) 
4 291 295 (2048 -3072 -285 ) (2048 -3072 -151 ) (1024 -3072 -151 ) (1024 -3072 -285 ) 
4 292 308 (3072 -4096 -151 ) (3072 -4096 3319 ) (2048 -4096 3319 ) (2048 -4096 -151 ) 
4 292 294 (2048 -3072 3319 ) (2048 -3072 -151 ) (2048 -4096 -151 ) (2048 -4096 3319 ) 
4 292 293 (2048 -3072 -151 ) (3072 -3072 -151 ) (3072 -4096 -151 ) (2048 -4096 -151 ) 
4 293 309 (3072 -4096 -285 ) (3072 -4096 -151 ) (2048 -4096 -151 ) (2048 -4096 -285 ) 
4 293 295 (2048 -3072 -151 ) (2048 -3072 -285 ) (2048 -4096 -285 ) (2048 -4096 -151 ) 
4 294 352 (1024 -4096 -151 ) (1024 -4096 3319 ) (1024 -3072 3319 ) (1024 -3072 -151 ) 
4 294 310 (2048 -4096 -151 ) (2048 -4096 3319 ) (1024 -4096 3319 ) (1024 -4096 -151 ) 
4 294 295 (2048 -3072 -151 ) (2048 -4096 -151 ) (1024 -4096 -151 ) (1024 -3072 -151 ) 
4 295 353 (1024 -4096 -285 ) (1024 -4096 -151 ) (1024 -3072 -151 ) (1024 -3072 -285 ) 
4 295 311 (2048 -4096 -285 ) (2048 -4096 -151 ) (1024 -4096 -151 ) (1024 -4096 -285 ) 
4 296 300 (5120 -5120 -151 ) (5120 -5120 3319 ) (4096 -5120 3319 ) (4096 -5120 -151 ) 
4 296 298 (4096 -4096 3319 ) (4096 -4096 -151 ) (4096 -5120 -151 ) (4096 -5120 3319 ) 
4 296 297 (5120 -5120 -151 ) (4096 -5120 -151 ) (4096 -4096 -151 ) (5120 -4096 -151 ) 
4 297 301 (5120 -5120 -285 ) (5120 -5120 -151 ) (4096 -5120 -151 ) (4096 -5120 -285 ) 
4 297 299 (4096 -4096 -151 ) (4096 -4096 -285 ) (4096 -5120 -285 ) (4096 -5120 -151 ) 
4 298 308 (3072 -4096 3319 ) (3072 -4096 -151 ) (3072 -5120 -151 ) (3072 -5120 3319 ) 
4 298 302 (4096 -5120 -151 ) (4096 -5120 3319 ) (3072 -5120 3319 ) (3072 -5120 -151 ) 
4 298 299 (3072 -4096 -151 ) (4096 -4096 -151 ) (4096 -5120 -151 ) (3072 -5120 -151 ) 
4 299 309 (3072 -4096 -151 ) (3072 -4096 -285 ) (3072 -5120 -285 ) (3072 -5120 -151 ) 
4 299 303 (4096 -5120 -285 ) (4096 -5120 -151 ) (3072 -5120 -151 ) (3072 -5120 -285 ) 
4 300 304 (5120 -6144 -151 ) (5120 -6144 3319 ) (4096 -6144 3319 ) (4096 -6144 -151 ) 
4 300 302 (4096 -6144 -151 ) (4096 -6144 3319 ) (4096 -5120 3319 ) (4096 -5120 -151 ) 
4 300 301 (5120 -6144 -151 ) (4096 -6144 -151 ) (4096 -5120 -151 ) (5120 -5120 -151 ) 
4 301 305 (5120 -6144 -285 ) (5120 -6144 -151 ) (4096 -6144 -151 ) (4096 -6144 -285 ) 
4 301 303 (4096 -6144 -285 ) (4096 -6144 -151 ) (4096 -5120 -151 ) (4096 -5120 -285 ) 
4 302 312 (3072 -6144 -151 ) (3072 -6144 3319 ) (3072 -5120 3319 ) (3072 -5120 -151 ) 
4 302 306 (3072 -6144 3319 ) (3072 -6144 -151 ) (4096 -6144 -151 ) (4096 -6144 3319 ) 
4 302 303 (3072 -5120 -151 ) (4096 -5120 -151 ) (4096 -6144 -151 ) (3072 -6144 -151 ) 
4 303 313 (3072 -6144 -285 ) (3072 -6144 -151 ) (3072 -5120 -151 ) (3072 -5120 -285 ) 
4 303 307 (3072 -6144 -151 ) (3072 -6144 -285 ) (4096 -6144 -285 ) (4096 -6144 -151 ) 
4 304 332 (5120 -7168 -151 ) (5120 -7168 3319 ) (4096 -7168 3319 ) (4096 -7168 -151 ) 
4 304 306 (4096 -6144 3319 ) (4096 -6144 -151 ) (4096 -7168 -151 ) (4096 -7168 3319 ) 
4 304 305 (5120 -7168 -151 ) (4096 -7168 -151 ) (4096 -6144 -151 ) (5120 -6144 -151 ) 
4 305 333 (5120 -7168 -285 ) (5120 -7168 -151 ) (4096 -7168 -151 ) (4096 -7168 -285 ) 
4 305 307 (4096 -6144 -151 ) (4096 -6144 -285 ) (4096 -7168 -285 ) (4096 -7168 -151 ) 
4 306 334 (4096 -7168 -151 ) (4096 -7168 3319 ) (3072 -7168 3319 ) (3072 -7168 -151 ) 
4 306 316 (3072 -7168 -151 ) (3072 -7168 3319 ) (3072 -6144 3319 ) (3072 -6144 -151 ) 
4 306 307 (3072 -7168 -151 ) (3072 -6144 -151 ) (4096 -6144 -151 ) (4096 -7168 -151 ) 
4 307 335 (4096 -7168 -285 ) (4096 -7168 -151 ) (3072 -7168 -151 ) (3072 -7168 -285 ) 
4 307 317 (3072 -7168 -285 ) (3072 -7168 -151 ) (3072 -6144 -151 ) (3072 -6144 -285 ) 
4 308 312 (3072 -5120 -151 ) (3072 -5120 3319 ) (2048 -5120 3319 ) (2048 -5120 -151 ) 
4 308 310 (2048 -4096 3319 ) (2048 -4096 -151 ) (2048 -5120 -151 ) (2048 -5120 3319 ) 
4 308 309 (3072 -5120 -151 ) (2048 -5120 -151 ) (2048 -4096 -151 ) (3072 -4096 -151 ) 
4 309 313 (3072 -5120 -285 ) (3072 -5120 -151 ) (2048 -5120 -151 ) (2048 -5120 -285 ) 
4 309 311 (2048 -4096 -151 ) (2048 -4096 -285 ) (2048 -5120 -285 ) (2048 -5120 -151 ) 
4 310 364 (1024 -5120 -151 ) (1024 -5120 3319 ) (1024 -4096 3319 ) (1024 -4096 -151 ) 
4 310 314 (2048 -5120 -151 ) (2048 -5120 3319 ) (1024 -5120 3319 ) (1024 -5120 -151 ) 
4 310 311 (2048 -4096 -151 ) (2048 -5120 -151 ) (1024 -5120 -151 ) (1024 -4096 -151 ) 
4 311 365 (1024 -5120 -285 ) (1024 -5120 -151 ) (1024 -4096 -151 ) (1024 -4096 -285 ) 
4 311 315 (2048 -5120 -285 ) (2048 -5120 -151 ) (1024 -5120 -151 ) (1024 -5120 -285 ) 
4 312 316 (3072 -6144 -151 ) (3072 -6144 3319 ) (2048 -6144 3319 ) (2048 -6144 -151 ) 
4 312 314 (2048 -6144 -151 ) (2048 -6144 3319 ) (2048 -5120 3319 ) (2048 -5120 -151 ) 
4 312 313 (3072 -6144 -151 ) (2048 -6144 -151 ) (2048 -5120 -151 ) (3072 -5120 -151 ) 
4 313 317 (3072 -6144 -285 ) (3072 -6144 -151 ) (2048 -6144 -151 ) (2048 -6144 -285 ) 
4 313 315 (2048 -6144 -285 ) (2048 -6144 -151 ) (2048 -5120 -151 ) (2048 -5120 -285 ) 
4 314 368 (1024 -6144 -151 ) (1024 -6144 3319 ) (1024 -5120 3319 ) (1024 -5120 -151 ) 
4 314 318 (1024 -6144 3319 ) (1024 -6144 -151 ) (2048 -6144 -151 ) (2048 -6144 3319 ) 
4 314 315 (1024 -5120 -151 ) (2048 -5120 -151 ) (2048 -6144 -151 ) (1024 -6144 -151 ) 
4 315 369 (1024 -6144 -285 ) (1024 -6144 -151 ) (1024 -5120 -151 ) (1024 -5120 -285 ) 
4 315 319 (1024 -6144 -151 ) (1024 -6144 -285 ) (2048 -6144 -285 ) (2048 -6144 -151 ) 
4 316 340 (3072 -7168 -151 ) (3072 -7168 3319 ) (2048 -7168 3319 ) (2048 -7168 -151 ) 
4 316 318 (2048 -6144 3319 ) (2048 -6144 -151 ) (2048 -7168 -151 ) (2048 -7168 3319 ) 
4 316 317 (3072 -7168 -151 ) (2048 -7168 -151 ) (2048 -6144 -151 ) (3072 -6144 -151 ) 
4 317 341 (3072 -7168 -285 ) (3072 -7168 -151 ) (2048 -7168 -151 ) (2048 -7168 -285 ) 
4 317 319 (2048 -6144 -151 ) (2048 -6144 -285 ) (2048 -7168 -285 ) (2048 -7168 -151 ) 
4 318 372 (1024 -7168 -151 ) (1024 -7168 3319 ) (1024 -6144 3319 ) (1024 -6144 -151 ) 
4 318 342 (2048 -7168 -151 ) (2048 -7168 3319 ) (1024 -7168 3319 ) (1024 -7168 -151 ) 
4 318 319 (1024 -7168 -151 ) (1024 -6144 -151 ) (2048 -6144 -151 ) (2048 -7168 -151 ) 
4 319 373 (1024 -7168 -285 ) (1024 -7168 -151 ) (1024 -6144 -151 ) (1024 -6144 -285 ) 
4 319 343 (2048 -7168 -285 ) (2048 -7168 -151 ) (1024 -7168 -151 ) (1024 -7168 -285 ) 
4 320 324 (7168 -7168 3319 ) (7168 -7168 -151 ) (7168 -8192 -151 ) (7168 -8192 3319 ) 
4 320 322 (7864 -8192 3319 ) (7168 -8192 3319 ) (7168 -8192 -151 ) (7864 -8192 -151 ) 
4 320 321 (7864 -8192 -151 ) (7168 -8192 -151 ) (7168 -7168 -151 ) (7864 -7168 -151 ) 
4 321 325 (7168 -7168 -151 ) (7168 -7168 -285 ) (7168 -8192 -285 ) (7168 -8192 -151 ) 
4 321 323 (7864 -8192 -285 ) (7864 -8192 -151 ) (7168 -8192 -151 ) (7168 -8192 -285 ) 
4 322 328 (7168 -8245 3319 ) (7168 -8192 3319 ) (7168 -8192 -151 ) (7168 -8245 -151 ) 
4 322 323 (7168 -8245 -151 ) (7168 -8192 -151 ) (7864 -8192 -151 ) (7864 -8245 -151 ) 
4 323 329 (7168 -8245 -285 ) (7168 -8245 -151 ) (7168 -8192 -151 ) (7168 -8192 -285 ) 
4 324 328 (7168 -8192 -151 ) (7168 -8192 3319 ) (6144 -8192 3319 ) (6144 -8192 -151 ) 
4 324 326 (6144 -7168 3319 ) (6144 -7168 -151 ) (6144 -8192 -151 ) (6144 -8192 3319 ) 
4 324 325 (7168 -8192 -151 ) (6144 -8192 -151 ) (6144 -7168 -151 ) (7168 -7168 -151 ) 
4 325 329 (7168 -8192 -285 ) (7168 -8192 -151 ) (6144 -8192 -151 ) (6144 -8192 -285 ) 
4 325 327 (6144 -7168 -151 ) (6144 -7168 -285 ) (6144 -8192 -285 ) (6144 -8192 -151 ) 
4 326 332 (5120 -7168 3319 ) (5120 -7168 -151 ) (5120 -8192 -151 ) (5120 -8192 3319 ) 
4 326 330 (6144 -8192 -151 ) (6144 -8192 3319 ) (5120 -8192 3319 ) (5120 -8192 -151 ) 
4 326 327 (5120 -7168 -151 ) (6144 -7168 -151 ) (6144 -8192 -151 ) (5120 -8192 -151 ) 
4 327 333 (5120 -7168 -151 ) (5120 -7168 -285 ) (5120 -8192 -285 ) (5120 -8192 -151 ) 
4 327 331 (6144 -8192 -285 ) (6144 -8192 -151 ) (5120 -8192 -151 ) (5120 -8192 -285 ) 
4 328 330 (6144 -8192 3319 ) (6144 -8192 -151 ) (6144 -8245 -151 ) (6144 -8245 3319 ) 
4 328 329 (6144 -8192 -151 ) (7168 -8192 -151 ) (7168 -8245 -151 ) (6144 -8245 -151 ) 
4 329 331 (6144 -8192 -151 ) (6144 -8192 -285 ) (6144 -8245 -285 ) (6144 -8245 -151 ) 
4 330 336 (5120 -8245 3319 ) (5120 -8192 3319 ) (5120 -8192 -151 ) (5120 -8245 -151 ) 
4 330 331 (6144 -8192 -151 ) (6144 -8245 -151 ) (5120 -8245 -151 ) (5120 -8192 -151 ) 
4 331 337 (5120 -8245 -285 ) (5120 -8245 -151 ) (5120 -8192 -151 ) (5120 -8192 -285 ) 
4 332 336 (5120 -8192 -151 ) (5120 -8192 3319 ) (4096 -8192 3319 ) (4096 -8192 -151 ) 
4 332 334 (4096 -7168 3319 ) (4096 -7168 -151 ) (4096 -8192 -151 ) (4096 -8192 3319 ) 
4 332 333 (5120 -8192 -151 ) (4096 -8192 -151 ) (4096 -7168 -151 ) (5120 -7168 -151 ) 
4 333 337 (5120 -8192 -285 ) (5120 -8192 -151 ) (4096 -8192 -151 ) (4096 -8192 -285 ) 
4 333 335 (4096 -7168 -151 ) (4096 -7168 -285 ) (4096 -8192 -285 ) (4096 -8192 -151 ) 
4 334 340 (3072 -7168 3319 ) (3072 -7168 -151 ) (3072 -8192 -151 ) (3072 -8192 3319 ) 
4 334 338 (4096 -8192 -151 ) (4096 -8192 3319 ) (3072 -8192 3319 ) (3072 -8192 -151 ) 
4 334 335 (3072 -7168 -151 ) (4096 -7168 -151 ) (4096 -8192 -151 ) (3072 -8192 -151 ) 
4 335 341 (3072 -7168 -151 ) (3072 -7168 -285 ) (3072 -8192 -285 ) (3072 -8192 -151 ) 
4 335 339 (4096 -8192 -285 ) (4096 -8192 -151 ) (3072 -8192 -151 ) (3072 -8192 -285 ) 
4 336 338 (4096 -8192 3319 ) (4096 -8192 -151 ) (4096 -8245 -151 ) (4096 -8245 3319 ) 
4 336 337 (4096 -8245 -151 ) (4096 -8192 -151 ) (5120 -8192 -151 ) (5120 -8245 -151 ) 
4 337 339 (4096 -8192 -151 ) (4096 -8192 -285 ) (4096 -8245 -285 ) (4096 -8245 -151 ) 
4 338 344 (3072 -8245 3319 ) (3072 -8192 3319 ) (3072 -8192 -151 ) (3072 -8245 -151 ) 
4 338 339 (4096 -8192 -151 ) (4096 -8245 -151 ) (3072 -8245 -151 ) (3072 -8192 -151 ) 
4 339 345 (3072 -8245 -285 ) (3072 -8245 -151 ) (3072 -8192 -151 ) (3072 -8192 -285 ) 
4 340 344 (3072 -8192 -151 ) (3072 -8192 3319 ) (2048 -8192 3319 ) (2048 -8192 -151 ) 
4 340 342 (2048 -7168 3319 ) (2048 -7168 -151 ) (2048 -8192 -151 ) (2048 -8192 3319 ) 
4 340 341 (3072 -8192 -151 ) (2048 -8192 -151 ) (2048 -7168 -151 ) (3072 -7168 -151 ) 
4 341 345 (3072 -8192 -285 ) (3072 -8192 -151 ) (2048 -8192 -151 ) (2048 -8192 -285 ) 
4 341 343 (2048 -7168 -151 ) (2048 -7168 -285 ) (2048 -8192 -285 ) (2048 -8192 -151 ) 
4 342 428 (1024 -8192 -151 ) (1024 -8192 3319 ) (1024 -7168 3319 ) (1024 -7168 -151 ) 
4 342 346 (2048 -8192 -151 ) (2048 -8192 3319 ) (1024 -8192 3319 ) (1024 -8192 -151 ) 
4 342 343 (2048 -7168 -151 ) (2048 -8192 -151 ) (1024 -8192 -151 ) (1024 -7168 -151 ) 
4 343 429 (1024 -8192 -285 ) (1024 -8192 -151 ) (1024 -7168 -151 ) (1024 -7168 -285 ) 
4 343 347 (2048 -8192 -285 ) (2048 -8192 -151 ) (1024 -8192 -151 ) (1024 -8192 -285 ) 
4 344 346 (2048 -8192 3319 ) (2048 -8192 -151 ) (2048 -8245 -151 ) (2048 -8245 3319 ) 
4 344 345 (2048 -8192 -151 ) (3072 -8192 -151 ) (3072 -8245 -151 ) (2048 -8245 -151 ) 
4 345 347 (2048 -8192 -151 ) (2048 -8192 -285 ) (2048 -8245 -285 ) (2048 -8245 -151 ) 
4 346 436 (1024 -8192 2026 ) (1024 -8192 -151 ) (1024 -8245 -151 ) (1024 -8245 2026 ) 
4 346 435 (1024 -8192 2038 ) (1024 -8192 2026 ) (1024 -8245 2026 ) (1024 -8245 2038 ) 
4 346 433 (1024 -8192 2335 ) (1024 -8192 2038 ) (1024 -8245 2038 ) (1024 -8245 2335 ) 
4 346 432 (1024 -8245 3319 ) (1024 -8192 3319 ) (1024 -8192 2335 ) (1024 -8245 2335 ) 
4 346 347 (2048 -8192 -151 ) (2048 -8245 -151 ) (1024 -8245 -151 ) (1024 -8192 -151 ) 
4 347 437 (1024 -8245 -285 ) (1024 -8245 -151 ) (1024 -8192 -151 ) (1024 -8192 -285 ) 
4 348 352 (1024 -3072 -151 ) (1024 -3072 3319 ) (0 -3072 3319 ) (0 -3072 -151 ) 
4 348 350 (0 -2048 3319 ) (0 -2048 -151 ) (0 -3072 -151 ) (0 -3072 3319 ) 
4 348 349 (1024 -3072 -151 ) (0 -3072 -151 ) (0 -2048 -151 ) (1024 -2048 -151 ) 
4 349 353 (1024 -3072 -285 ) (1024 -3072 -151 ) (0 -3072 -151 ) (0 -3072 -285 ) 
4 349 351 (0 -2048 -151 ) (0 -2048 -285 ) (0 -3072 -285 ) (0 -3072 -151 ) 
4 350 356 (-1024 -2048 3319 ) (-1024 -2048 -151 ) (-1024 -3072 -151 ) (-1024 -3072 3319 ) 
4 350 354 (0 -3072 -151 ) (0 -3072 3319 ) (-1024 -3072 3319 ) (-1024 -3072 -151 ) 
4 350 351 (-1024 -2048 -151 ) (0 -2048 -151 ) (0 -3072 -151 ) (-1024 -3072 -151 ) 
4 351 357 (-1024 -2048 -151 ) (-1024 -2048 -285 ) (-1024 -3072 -285 ) (-1024 -3072 -151 ) 
4 351 355 (0 -3072 -285 ) (0 -3072 -151 ) (-1024 -3072 -151 ) (-1024 -3072 -285 ) 
4 352 364 (1024 -4096 -151 ) (1024 -4096 3319 ) (0 -4096 3319 ) (0 -4096 -151 ) 
4 352 354 (0 -3072 3319 ) (0 -3072 -151 ) (0 -4096 -151 ) (0 -4096 3319 ) 
4 352 353 (1024 -4096 -151 ) (0 -4096 -151 ) (0 -3072 -151 ) (1024 -3072 -151 ) 
4 353 365 (1024 -4096 -285 ) (1024 -4096 -151 ) (0 -4096 -151 ) (0 -4096 -285 ) 
4 353 355 (0 -3072 -151 ) (0 -3072 -285 ) (0 -4096 -285 ) (0 -4096 -151 ) 
4 354 366 (0 -4096 -151 ) (0 -4096 3319 ) (-1024 -4096 3319 ) (-1024 -4096 -151 ) 
4 354 360 (-1024 -4096 -151 ) (-1024 -4096 3319 ) (-1024 -3072 3319 ) (-1024 -3072 -151 ) 
4 354 355 (0 -3072 -151 ) (0 -4096 -151 ) (-1024 -4096 -151 ) (-1024 -3072 -151 ) 
4 355 367 (0 -4096 -285 ) (0 -4096 -151 ) (-1024 -4096 -151 ) (-1024 -4096 -285 ) 
4 355 361 (-1024 -4096 -285 ) (-1024 -4096 -151 ) (-1024 -3072 -151 ) (-1024 -3072 -285 ) 
4 356 360 (-1024 -3072 -151 ) (-1024 -3072 3319 ) (-2048 -3072 3319 ) (-2048 -3072 -151 ) 
4 356 358 (-2048 -2048 3319 ) (-2048 -2048 -151 ) (-2048 -3072 -151 ) (-2048 -3072 3319 ) 
4 356 357 (-1024 -3072 -151 ) (-2048 -3072 -151 ) (-2048 -2048 -151 ) (-1024 -2048 -151 ) 
4 357 361 (-1024 -3072 -285 ) (-1024 -3072 -151 ) (-2048 -3072 -151 ) (-2048 -3072 -285 ) 
4 357 359 (-2048 -2048 -151 ) (-2048 -2048 -285 ) (-2048 -3072 -285 ) (-2048 -3072 -151 ) 
4 358 388 (-3072 -2048 3319 ) (-3072 -2048 -151 ) (-3072 -3072 -151 ) (-3072 -3072 3319 ) 
4 358 362 (-2048 -3072 -151 ) (-2048 -3072 3319 ) (-3072 -3072 3319 ) (-3072 -3072 -151 ) 
4 358 359 (-3072 -2048 -151 ) (-2048 -2048 -151 ) (-2048 -3072 -151 ) (-3072 -3072 -151 ) 
4 359 389 (-3072 -2048 -151 ) (-3072 -2048 -285 ) (-3072 -3072 -285 ) (-3072 -3072 -151 ) 
4 359 363 (-2048 -3072 -285 ) (-2048 -3072 -151 ) (-3072 -3072 -151 ) (-3072 -3072 -285 ) 
4 360 376 (-1024 -4096 -151 ) (-1024 -4096 3319 ) (-2048 -4096 3319 ) (-2048 -4096 -151 ) 
4 360 362 (-2048 -3072 3319 ) (-2048 -3072 -151 ) (-2048 -4096 -151 ) (-2048 -4096 3319 ) 
4 360 361 (-2048 -3072 -151 ) (-1024 -3072 -151 ) (-1024 -4096 -151 ) (-2048 -4096 -151 ) 
4 361 377 (-1024 -4096 -285 ) (-1024 -4096 -151 ) (-2048 -4096 -151 ) (-2048 -4096 -285 ) 
4 361 363 (-2048 -3072 -151 ) (-2048 -3072 -285 ) (-2048 -4096 -285 ) (-2048 -4096 -151 ) 
4 362 392 (-3072 -4096 -151 ) (-3072 -4096 3319 ) (-3072 -3072 3319 ) (-3072 -3072 -151 ) 
4 362 378 (-2048 -4096 -151 ) (-2048 -4096 3319 ) (-3072 -4096 3319 ) (-3072 -4096 -151 ) 
4 362 363 (-2048 -3072 -151 ) (-2048 -4096 -151 ) (-3072 -4096 -151 ) (-3072 -3072 -151 ) 
4 363 393 (-3072 -4096 -285 ) (-3072 -4096 -151 ) (-3072 -3072 -151 ) (-3072 -3072 -285 ) 
4 363 379 (-2048 -4096 -285 ) (-2048 -4096 -151 ) (-3072 -4096 -151 ) (-3072 -4096 -285 ) 
4 364 368 (1024 -5120 -151 ) (1024 -5120 3319 ) (0 -5120 3319 ) (0 -5120 -151 ) 
4 364 366 (0 -4096 3319 ) (0 -4096 -151 ) (0 -5120 -151 ) (0 -5120 3319 ) 
4 364 365 (1024 -5120 -151 ) (0 -5120 -151 ) (0 -4096 -151 ) (1024 -4096 -151 ) 
4 365 369 (1024 -5120 -285 ) (1024 -5120 -151 ) (0 -5120 -151 ) (0 -5120 -285 ) 
4 365 367 (0 -4096 -151 ) (0 -4096 -285 ) (0 -5120 -285 ) (0 -5120 -151 ) 
4 366 376 (-1024 -4096 3319 ) (-1024 -4096 -151 ) (-1024 -5120 -151 ) (-1024 -5120 3319 ) 
4 366 370 (0 -5120 -151 ) (0 -5120 3319 ) (-1024 -5120 3319 ) (-1024 -5120 -151 ) 
4 366 367 (-1024 -4096 -151 ) (0 -4096 -151 ) (0 -5120 -151 ) (-1024 -5120 -151 ) 
4 367 377 (-1024 -4096 -151 ) (-1024 -4096 -285 ) (-1024 -5120 -285 ) (-1024 -5120 -151 ) 
4 367 371 (0 -5120 -285 ) (0 -5120 -151 ) (-1024 -5120 -151 ) (-1024 -5120 -285 ) 
4 368 372 (1024 -6144 -151 ) (1024 -6144 3319 ) (0 -6144 3319 ) (0 -6144 -151 ) 
4 368 370 (0 -6144 -151 ) (0 -6144 3319 ) (0 -5120 3319 ) (0 -5120 -151 ) 
4 368 369 (1024 -6144 -151 ) (0 -6144 -151 ) (0 -5120 -151 ) (1024 -5120 -151 ) 
4 369 373 (1024 -6144 -285 ) (1024 -6144 -151 ) (0 -6144 -151 ) (0 -6144 -285 ) 
4 369 371 (0 -6144 -285 ) (0 -6144 -151 ) (0 -5120 -151 ) (0 -5120 -285 ) 
4 370 380 (-1024 -6144 -151 ) (-1024 -6144 3319 ) (-1024 -5120 3319 ) (-1024 -5120 -151 ) 
4 370 374 (-1024 -6144 3319 ) (-1024 -6144 -151 ) (0 -6144 -151 ) (0 -6144 3319 ) 
4 370 371 (-1024 -5120 -151 ) (0 -5120 -151 ) (0 -6144 -151 ) (-1024 -6144 -151 ) 
4 371 381 (-1024 -6144 -285 ) (-1024 -6144 -151 ) (-1024 -5120 -151 ) (-1024 -5120 -285 ) 
4 371 375 (-1024 -6144 -151 ) (-1024 -6144 -285 ) (0 -6144 -285 ) (0 -6144 -151 ) 
4 372 428 (1024 -7168 -151 ) (1024 -7168 3319 ) (0 -7168 3319 ) (0 -7168 -151 ) 
4 372 374 (0 -6144 3319 ) (0 -6144 -151 ) (0 -7168 -151 ) (0 -7168 3319 ) 
4 372 373 (0 -6144 -151 ) (1024 -6144 -151 ) (1024 -7168 -151 ) (0 -7168 -151 ) 
4 373 429 (1024 -7168 -285 ) (1024 -7168 -151 ) (0 -7168 -151 ) (0 -7168 -285 ) 
4 373 375 (0 -6144 -151 ) (0 -6144 -285 ) (0 -7168 -285 ) (0 -7168 -151 ) 
4 374 430 (0 -7168 -151 ) (0 -7168 3319 ) (-1024 -7168 3319 ) (-1024 -7168 -151 ) 
4 374 384 (-1024 -7168 -151 ) (-1024 -7168 3319 ) (-1024 -6144 3319 ) (-1024 -6144 -151 ) 
4 374 375 (-1024 -7168 -151 ) (-1024 -6144 -151 ) (0 -6144 -151 ) (0 -7168 -151 ) 
4 375 431 (0 -7168 -285 ) (0 -7168 -151 ) (-1024 -7168 -151 ) (-1024 -7168 -285 ) 
4 375 385 (-1024 -7168 -285 ) (-1024 -7168 -151 ) (-1024 -6144 -151 ) (-1024 -6144 -285 ) 
4 376 380 (-1024 -5120 -151 ) (-1024 -5120 3319 ) (-2048 -5120 3319 ) (-2048 -5120 -151 ) 
4 376 378 (-2048 -4096 3319 ) (-2048 -4096 -151 ) (-2048 -5120 -151 ) (-2048 -5120 3319 ) 
4 376 377 (-1024 -5120 -151 ) (-2048 -5120 -151 ) (-2048 -4096 -151 ) (-1024 -4096 -151 ) 
4 377 381 (-1024 -5120 -285 ) (-1024 -5120 -151 ) (-2048 -5120 -151 ) (-2048 -5120 -285 ) 
4 377 379 (-2048 -4096 -151 ) (-2048 -4096 -285 ) (-2048 -5120 -285 ) (-2048 -5120 -151 ) 
4 378 404 (-3072 -5120 -151 ) (-3072 -5120 3319 ) (-3072 -4096 3319 ) (-3072 -4096 -151 ) 
4 378 382 (-2048 -5120 -151 ) (-2048 -5120 3319 ) (-3072 -5120 3319 ) (-3072 -5120 -151 ) 
4 378 379 (-2048 -4096 -151 ) (-2048 -5120 -151 ) (-3072 -5120 -151 ) (-3072 -4096 -151 ) 
4 379 405 (-3072 -5120 -285 ) (-3072 -5120 -151 ) (-3072 -4096 -151 ) (-3072 -4096 -285 ) 
4 379 383 (-2048 -5120 -285 ) (-2048 -5120 -151 ) (-3072 -5120 -151 ) (-3072 -5120 -285 ) 
4 380 384 (-1024 -6144 -151 ) (-1024 -6144 3319 ) (-2048 -6144 3319 ) (-2048 -6144 -151 ) 
4 380 382 (-2048 -6144 -151 ) (-2048 -6144 3319 ) (-2048 -5120 3319 ) (-2048 -5120 -151 ) 
4 380 381 (-1024 -6144 -151 ) (-2048 -6144 -151 ) (-2048 -5120 -151 ) (-1024 -5120 -151 ) 
4 381 385 (-1024 -6144 -285 ) (-1024 -6144 -151 ) (-2048 -6144 -151 ) (-2048 -6144 -285 ) 
4 381 383 (-2048 -6144 -285 ) (-2048 -6144 -151 ) (-2048 -5120 -151 ) (-2048 -5120 -285 ) 
4 382 408 (-3072 -6144 -151 ) (-3072 -6144 3319 ) (-3072 -5120 3319 ) (-3072 -5120 -151 ) 
4 382 386 (-3072 -6144 3319 ) (-3072 -6144 -151 ) (-2048 -6144 -151 ) (-2048 -6144 3319 ) 
4 382 383 (-3072 -5120 -151 ) (-2048 -5120 -151 ) (-2048 -6144 -151 ) (-3072 -6144 -151 ) 
4 383 409 (-3072 -6144 -285 ) (-3072 -6144 -151 ) (-3072 -5120 -151 ) (-3072 -5120 -285 ) 
4 383 387 (-3072 -6144 -151 ) (-3072 -6144 -285 ) (-2048 -6144 -285 ) (-2048 -6144 -151 ) 
4 384 443 (-1024 -7168 -151 ) (-1024 -7168 3319 ) (-2048 -7168 3319 ) (-2048 -7168 -151 ) 
4 384 386 (-2048 -6144 3319 ) (-2048 -6144 -151 ) (-2048 -7168 -151 ) (-2048 -7168 3319 ) 
4 384 385 (-1024 -7168 -151 ) (-2048 -7168 -151 ) (-2048 -6144 -151 ) (-1024 -6144 -151 ) 
4 385 444 (-1024 -7168 -285 ) (-1024 -7168 -151 ) (-2048 -7168 -151 ) (-2048 -7168 -285 ) 
4 385 387 (-2048 -6144 -151 ) (-2048 -6144 -285 ) (-2048 -7168 -285 ) (-2048 -7168 -151 ) 
4 386 445 (-2048 -7168 -151 ) (-2048 -7168 3319 ) (-3072 -7168 3319 ) (-3072 -7168 -151 ) 
4 386 412 (-3072 -7168 -151 ) (-3072 -7168 3319 ) (-3072 -6144 3319 ) (-3072 -6144 -151 ) 
4 386 387 (-3072 -7168 -151 ) (-3072 -6144 -151 ) (-2048 -6144 -151 ) (-2048 -7168 -151 ) 
4 387 446 (-2048 -7168 -285 ) (-2048 -7168 -151 ) (-3072 -7168 -151 ) (-3072 -7168 -285 ) 
4 387 413 (-3072 -7168 -285 ) (-3072 -7168 -151 ) (-3072 -6144 -151 ) (-3072 -6144 -285 ) 
4 388 392 (-3072 -3072 -151 ) (-3072 -3072 3319 ) (-4096 -3072 3319 ) (-4096 -3072 -151 ) 
4 388 390 (-4096 -2048 3319 ) (-4096 -2048 -151 ) (-4096 -3072 -151 ) (-4096 -3072 3319 ) 
4 388 389 (-3072 -3072 -151 ) (-4096 -3072 -151 ) (-4096 -2048 -151 ) (-3072 -2048 -151 ) 
4 389 393 (-3072 -3072 -285 ) (-3072 -3072 -151 ) (-4096 -3072 -151 ) (-4096 -3072 -285 ) 
4 389 391 (-4096 -2048 -151 ) (-4096 -2048 -285 ) (-4096 -3072 -285 ) (-4096 -3072 -151 ) 
4 390 396 (-5120 -2048 3319 ) (-5120 -2048 -151 ) (-5120 -3072 -151 ) (-5120 -3072 3319 ) 
4 390 394 (-4096 -3072 -151 ) (-4096 -3072 3319 ) (-5120 -3072 3319 ) (-5120 -3072 -151 ) 
4 390 391 (-5120 -2048 -151 ) (-4096 -2048 -151 ) (-4096 -3072 -151 ) (-5120 -3072 -151 ) 
4 391 397 (-5120 -2048 -151 ) (-5120 -2048 -285 ) (-5120 -3072 -285 ) (-5120 -3072 -151 ) 
4 391 395 (-4096 -3072 -285 ) (-4096 -3072 -151 ) (-5120 -3072 -151 ) (-5120 -3072 -285 ) 
4 392 404 (-3072 -4096 -151 ) (-3072 -4096 3319 ) (-4096 -4096 3319 ) (-4096 -4096 -151 ) 
4 392 394 (-4096 -3072 3319 ) (-4096 -3072 -151 ) (-4096 -4096 -151 ) (-4096 -4096 3319 ) 
4 392 393 (-3072 -4096 -151 ) (-4096 -4096 -151 ) (-4096 -3072 -151 ) (-3072 -3072 -151 ) 
4 393 405 (-3072 -4096 -285 ) (-3072 -4096 -151 ) (-4096 -4096 -151 ) (-4096 -4096 -285 ) 
4 393 395 (-4096 -3072 -151 ) (-4096 -3072 -285 ) (-4096 -4096 -285 ) (-4096 -4096 -151 ) 
4 394 406 (-4096 -4096 -151 ) (-4096 -4096 3319 ) (-5120 -4096 3319 ) (-5120 -4096 -151 ) 
4 394 398 (-5120 -4096 -151 ) (-5120 -4096 3319 ) (-5120 -3072 3319 ) (-5120 -3072 -151 ) 
4 394 395 (-4096 -3072 -151 ) (-4096 -4096 -151 ) (-5120 -4096 -151 ) (-5120 -3072 -151 ) 
4 395 407 (-4096 -4096 -285 ) (-4096 -4096 -151 ) (-5120 -4096 -151 ) (-5120 -4096 -285 ) 
4 395 399 (-5120 -4096 -285 ) (-5120 -4096 -151 ) (-5120 -3072 -151 ) (-5120 -3072 -285 ) 
4 396 400 (-6144 -3072 -151 ) (-6144 -3072 3319 ) (-6144 -2048 3319 ) (-6144 -2048 -151 ) 
4 396 398 (-5120 -3072 -151 ) (-5120 -3072 3319 ) (-6144 -3072 3319 ) (-6144 -3072 -151 ) 
4 396 397 (-6144 -3072 -151 ) (-6144 -2048 -151 ) (-5120 -2048 -151 ) (-5120 -3072 -151 ) 
4 397 401 (-6144 -3072 -285 ) (-6144 -3072 -151 ) (-6144 -2048 -151 ) (-6144 -2048 -285 ) 
4 397 399 (-5120 -3072 -285 ) (-5120 -3072 -151 ) (-6144 -3072 -151 ) (-6144 -3072 -285 ) 
4 398 416 (-5120 -4096 -151 ) (-5120 -4096 3319 ) (-6144 -4096 3319 ) (-6144 -4096 -151 ) 
4 398 402 (-6144 -4096 -151 ) (-6144 -4096 3319 ) (-6144 -3072 3319 ) (-6144 -3072 -151 ) 
4 398 399 (-6144 -4096 -151 ) (-6144 -3072 -151 ) (-5120 -3072 -151 ) (-5120 -4096 -151 ) 
4 399 417 (-5120 -4096 -285 ) (-5120 -4096 -151 ) (-6144 -4096 -151 ) (-6144 -4096 -285 ) 
4 399 403 (-6144 -4096 -285 ) (-6144 -4096 -151 ) (-6144 -3072 -151 ) (-6144 -3072 -285 ) 
4 400 402 (-6144 -3072 -151 ) (-6144 -3072 3319 ) (-6470 -3072 3319 ) (-6470 -3072 -151 ) 
4 400 401 (-6144 -3072 -151 ) (-6470 -3072 -151 ) (-6470 -2048 -151 ) (-6144 -2048 -151 ) 
4 401 403 (-6144 -3072 -285 ) (-6144 -3072 -151 ) (-6470 -3072 -151 ) (-6470 -3072 -285 ) 
4 402 418 (-6144 -4096 -151 ) (-6144 -4096 3319 ) (-6470 -4096 3319 ) (-6470 -4096 -151 ) 
4 402 403 (-6470 -3072 -151 ) (-6144 -3072 -151 ) (-6144 -4096 -151 ) (-6470 -4096 -151 ) 
4 403 419 (-6144 -4096 -285 ) (-6144 -4096 -151 ) (-6470 -4096 -151 ) (-6470 -4096 -285 ) 
4 404 408 (-3072 -5120 -151 ) (-3072 -5120 3319 ) (-4096 -5120 3319 ) (-4096 -5120 -151 ) 
4 404 406 (-4096 -4096 3319 ) (-4096 -4096 -151 ) (-4096 -5120 -151 ) (-4096 -5120 3319 ) 
4 404 405 (-3072 -5120 -151 ) (-4096 -5120 -151 ) (-4096 -4096 -151 ) (-3072 -4096 -151 ) 
4 405 409 (-3072 -5120 -285 ) (-3072 -5120 -151 ) (-4096 -5120 -151 ) (-4096 -5120 -285 ) 
4 405 407 (-4096 -4096 -151 ) (-4096 -4096 -285 ) (-4096 -5120 -285 ) (-4096 -5120 -151 ) 
4 406 416 (-5120 -4096 3319 ) (-5120 -4096 -151 ) (-5120 -5120 -151 ) (-5120 -5120 3319 ) 
4 406 410 (-4096 -5120 -151 ) (-4096 -5120 3319 ) (-5120 -5120 3319 ) (-5120 -5120 -151 ) 
4 406 407 (-5120 -4096 -151 ) (-4096 -4096 -151 ) (-4096 -5120 -151 ) (-5120 -5120 -151 ) 
4 407 417 (-5120 -4096 -151 ) (-5120 -4096 -285 ) (-5120 -5120 -285 ) (-5120 -5120 -151 ) 
4 407 411 (-4096 -5120 -285 ) (-4096 -5120 -151 ) (-5120 -5120 -151 ) (-5120 -5120 -285 ) 
4 408 412 (-3072 -6144 -151 ) (-3072 -6144 3319 ) (-4096 -6144 3319 ) (-4096 -6144 -151 ) 
4 408 410 (-4096 -6144 -151 ) (-4096 -6144 3319 ) (-4096 -5120 3319 ) (-4096 -5120 -151 ) 
4 408 409 (-3072 -6144 -151 ) (-4096 -6144 -151 ) (-4096 -5120 -151 ) (-3072 -5120 -151 ) 
4 409 413 (-3072 -6144 -285 ) (-3072 -6144 -151 ) (-4096 -6144 -151 ) (-4096 -6144 -285 ) 
4 409 411 (-4096 -6144 -285 ) (-4096 -6144 -151 ) (-4096 -5120 -151 ) (-4096 -5120 -285 ) 
4 410 420 (-5120 -6144 -151 ) (-5120 -6144 3319 ) (-5120 -5120 3319 ) (-5120 -5120 -151 ) 
4 410 414 (-5120 -6144 3319 ) (-5120 -6144 -151 ) (-4096 -6144 -151 ) (-4096 -6144 3319 ) 
4 410 411 (-5120 -5120 -151 ) (-4096 -5120 -151 ) (-4096 -6144 -151 ) (-5120 -6144 -151 ) 
4 411 421 (-5120 -6144 -285 ) (-5120 -6144 -151 ) (-5120 -5120 -151 ) (-5120 -5120 -285 ) 
4 411 415 (-5120 -6144 -151 ) (-5120 -6144 -285 ) (-4096 -6144 -285 ) (-4096 -6144 -151 ) 
4 412 454 (-3072 -7168 -151 ) (-3072 -7168 3319 ) (-4096 -7168 3319 ) (-4096 -7168 -151 ) 
4 412 414 (-4096 -6144 3319 ) (-4096 -6144 -151 ) (-4096 -7168 -151 ) (-4096 -7168 3319 ) 
4 412 413 (-3072 -7168 -151 ) (-4096 -7168 -151 ) (-4096 -6144 -151 ) (-3072 -6144 -151 ) 
4 413 455 (-3072 -7168 -285 ) (-3072 -7168 -151 ) (-4096 -7168 -151 ) (-4096 -7168 -285 ) 
4 413 415 (-4096 -6144 -151 ) (-4096 -6144 -285 ) (-4096 -7168 -285 ) (-4096 -7168 -151 ) 
4 414 456 (-4096 -7168 -151 ) (-4096 -7168 3319 ) (-5120 -7168 3319 ) (-5120 -7168 -151 ) 
4 414 422 (-5120 -7168 -151 ) (-5120 -7168 3319 ) (-5120 -6144 3319 ) (-5120 -6144 -151 ) 
4 414 415 (-5120 -7168 -151 ) (-5120 -6144 -151 ) (-4096 -6144 -151 ) (-4096 -7168 -151 ) 
4 415 457 (-4096 -7168 -285 ) (-4096 -7168 -151 ) (-5120 -7168 -151 ) (-5120 -7168 -285 ) 
4 415 423 (-5120 -7168 -285 ) (-5120 -7168 -151 ) (-5120 -6144 -151 ) (-5120 -6144 -285 ) 
4 416 420 (-5120 -5120 -151 ) (-5120 -5120 3319 ) (-6144 -5120 3319 ) (-6144 -5120 -151 ) 
4 416 418 (-6144 -4096 3319 ) (-6144 -4096 -151 ) (-6144 -5120 -151 ) (-6144 -5120 3319 ) 
4 416 417 (-5120 -5120 -151 ) (-6144 -5120 -151 ) (-6144 -4096 -151 ) (-5120 -4096 -151 ) 
4 417 421 (-5120 -5120 -285 ) (-5120 -5120 -151 ) (-6144 -5120 -151 ) (-6144 -5120 -285 ) 
4 417 419 (-6144 -4096 -151 ) (-6144 -4096 -285 ) (-6144 -5120 -285 ) (-6144 -5120 -151 ) 
4 418 424 (-6144 -5120 -151 ) (-6144 -5120 3319 ) (-6470 -5120 3319 ) (-6470 -5120 -151 ) 
4 418 419 (-6144 -5120 -151 ) (-6470 -5120 -151 ) (-6470 -4096 -151 ) (-6144 -4096 -151 ) 
4 419 425 (-6144 -5120 -285 ) (-6144 -5120 -151 ) (-6470 -5120 -151 ) (-6470 -5120 -285 ) 
4 420 424 (-6144 -5120 3319 ) (-6144 -5120 -151 ) (-6144 -6144 -151 ) (-6144 -6144 3319 ) 
4 420 422 (-5120 -6144 -151 ) (-5120 -6144 3319 ) (-6144 -6144 3319 ) (-6144 -6144 -151 ) 
4 420 421 (-6144 -6144 -151 ) (-6144 -5120 -151 ) (-5120 -5120 -151 ) (-5120 -6144 -151 ) 
4 421 425 (-6144 -5120 -151 ) (-6144 -5120 -285 ) (-6144 -6144 -285 ) (-6144 -6144 -151 ) 
4 421 423 (-5120 -6144 -285 ) (-5120 -6144 -151 ) (-6144 -6144 -151 ) (-6144 -6144 -285 ) 
4 422 462 (-5120 -7168 -151 ) (-5120 -7168 3319 ) (-6144 -7168 3319 ) (-6144 -7168 -151 ) 
4 422 426 (-6144 -7168 -151 ) (-6144 -7168 3319 ) (-6144 -6144 3319 ) (-6144 -6144 -151 ) 
4 422 423 (-5120 -7168 -151 ) (-6144 -7168 -151 ) (-6144 -6144 -151 ) (-5120 -6144 -151 ) 
4 423 463 (-5120 -7168 -285 ) (-5120 -7168 -151 ) (-6144 -7168 -151 ) (-6144 -7168 -285 ) 
4 423 427 (-6144 -7168 -285 ) (-6144 -7168 -151 ) (-6144 -6144 -151 ) (-6144 -6144 -285 ) 
4 424 426 (-6144 -6144 -151 ) (-6144 -6144 3319 ) (-6470 -6144 3319 ) (-6470 -6144 -151 ) 
4 424 425 (-6144 -6144 -151 ) (-6470 -6144 -151 ) (-6470 -5120 -151 ) (-6144 -5120 -151 ) 
4 425 427 (-6144 -6144 -285 ) (-6144 -6144 -151 ) (-6470 -6144 -151 ) (-6470 -6144 -285 ) 
4 426 466 (-6144 -7168 -151 ) (-6144 -7168 3319 ) (-6470 -7168 3319 ) (-6470 -7168 -151 ) 
4 426 427 (-6470 -6144 -151 ) (-6144 -6144 -151 ) (-6144 -7168 -151 ) (-6470 -7168 -151 ) 
4 427 467 (-6144 -7168 -285 ) (-6144 -7168 -151 ) (-6470 -7168 -151 ) (-6470 -7168 -285 ) 
4 428 436 (1024 -8192 -151 ) (1024 -8192 2026 ) (0 -8192 2026 ) (0 -8192 -151 ) 
4 428 435 (1024 -8192 2026 ) (1024 -8192 2038 ) (0 -8192 2038 ) (0 -8192 2026 ) 
4 428 433 (1024 -8192 2038 ) (1024 -8192 2335 ) (0 -8192 2335 ) (0 -8192 2038 ) 
4 428 432 (1024 -8192 2335 ) (1024 -8192 3319 ) (0 -8192 3319 ) (0 -8192 2335 ) 
4 428 430 (0 -7168 3319 ) (0 -7168 -151 ) (0 -8192 -151 ) (0 -8192 3319 ) 
4 428 429 (1024 -8192 -151 ) (0 -8192 -151 ) (0 -7168 -151 ) (1024 -7168 -151 ) 
4 429 437 (1024 -8192 -285 ) (1024 -8192 -151 ) (0 -8192 -151 ) (0 -8192 -285 ) 
4 429 431 (0 -7168 -151 ) (0 -7168 -285 ) (0 -8192 -285 ) (0 -8192 -151 ) 
4 430 443 (-1024 -7168 3319 ) (-1024 -7168 -151 ) (-1024 -8192 -151 ) (-1024 -8192 3319 ) 
4 430 441 (0 -8192 -151 ) (0 -8192 2026 ) (-1024 -8192 2026 ) (-1024 -8192 -151 ) 
4 430 440 (0 -8192 2026 ) (0 -8192 2038 ) (-1024 -8192 2038 ) (-1024 -8192 2026 ) 
4 430 439 (0 -8192 2038 ) (0 -8192 2335 ) (-1024 -8192 2335 ) (-1024 -8192 2038 ) 
4 430 438 (0 -8192 2335 ) (0 -8192 3319 ) (-1024 -8192 3319 ) (-1024 -8192 2335 ) 
4 430 431 (-1024 -7168 -151 ) (0 -7168 -151 ) (0 -8192 -151 ) (-1024 -8192 -151 ) 
4 431 444 (-1024 -7168 -151 ) (-1024 -7168 -285 ) (-1024 -8192 -285 ) (-1024 -8192 -151 ) 
4 431 442 (0 -8192 -285 ) (0 -8192 -151 ) (-1024 -8192 -151 ) (-1024 -8192 -285 ) 
4 432 438 (0 -8192 3319 ) (0 -8192 2335 ) (0 -8245 2335 ) (0 -8245 3319 ) 
4 432 433 (0 -8245 2335 ) (0 -8192 2335 ) (1024 -8192 2335 ) (1024 -8245 2335 ) 
4 433 439 (0 -8192 2335 ) (0 -8192 2038 ) (0 -8245 2038 ) (0 -8245 2335 ) 
4 433 435 (0 -8245 2038 ) (0 -8192 2038 ) (1024 -8192 2038 ) (1024 -8245 2038 ) 
4 435 440 (0 -8192 2038 ) (0 -8192 2026 ) (0 -8245 2026 ) (0 -8245 2038 ) 
4 435 436 (0 -8245 2026 ) (0 -8192 2026 ) (1024 -8192 2026 ) (1024 -8245 2026 ) 
4 436 441 (0 -8192 2026 ) (0 -8192 -151 ) (0 -8245 -151 ) (0 -8245 2026 ) 
4 436 437 (0 -8245 -151 ) (0 -8192 -151 ) (1024 -8192 -151 ) (1024 -8245 -151 ) 
4 437 442 (0 -8192 -151 ) (0 -8192 -285 ) (0 -8245 -285 ) (0 -8245 -151 ) 
4 438 447 (-1024 -8245 3319 ) (-1024 -8192 3319 ) (-1024 -8192 2335 ) (-1024 -8245 2335 ) 
4 438 439 (0 -8192 2335 ) (0 -8245 2335 ) (-1024 -8245 2335 ) (-1024 -8192 2335 ) 
4 439 448 (-1024 -8245 2335 ) (-1024 -8192 2335 ) (-1024 -8192 2038 ) (-1024 -8245 2038 ) 
4 439 440 (0 -8192 2038 ) (0 -8245 2038 ) (-1024 -8245 2038 ) (-1024 -8192 2038 ) 
4 440 449 (-1024 -8245 2038 ) (-1024 -8192 2038 ) (-1024 -8192 2026 ) (-1024 -8245 2026 ) 
4 440 441 (-1024 -8245 2026 ) (-1024 -8192 2026 ) (0 -8192 2026 ) (0 -8245 2026 ) 
4 441 450 (-1024 -8192 2026 ) (-1024 -8192 -151 ) (-1024 -8245 -151 ) (-1024 -8245 2026 ) 
4 441 442 (-1024 -8245 -151 ) (-1024 -8192 -151 ) (0 -8192 -151 ) (0 -8245 -151 ) 
4 442 451 (-1024 -8245 -285 ) (-1024 -8245 -151 ) (-1024 -8192 -151 ) (-1024 -8192 -285 ) 
4 443 450 (-1024 -8192 -151 ) (-1024 -8192 2026 ) (-2048 -8192 2026 ) (-2048 -8192 -151 ) 
4 443 449 (-1024 -8192 2026 ) (-1024 -8192 2038 ) (-2048 -8192 2038 ) (-2048 -8192 2026 ) 
4 443 448 (-1024 -8192 2038 ) (-1024 -8192 2335 ) (-2048 -8192 2335 ) (-2048 -8192 2038 ) 
4 443 447 (-1024 -8192 2335 ) (-1024 -8192 3319 ) (-2048 -8192 3319 ) (-2048 -8192 2335 ) 
4 443 445 (-2048 -7168 3319 ) (-2048 -7168 -151 ) (-2048 -8192 -151 ) (-2048 -8192 3319 ) 
4 443 444 (-1024 -8192 -151 ) (-2048 -8192 -151 ) (-2048 -7168 -151 ) (-1024 -7168 -151 ) 
4 444 451 (-1024 -8192 -285 ) (-1024 -8192 -151 ) (-2048 -8192 -151 ) (-2048 -8192 -285 ) 
4 444 446 (-2048 -7168 -151 ) (-2048 -7168 -285 ) (-2048 -8192 -285 ) (-2048 -8192 -151 ) 
4 445 454 (-3072 -7168 3319 ) (-3072 -7168 -151 ) (-3072 -8192 -151 ) (-3072 -8192 3319 ) 
4 445 452 (-2048 -8192 -151 ) (-2048 -8192 3319 ) (-3072 -8192 3319 ) (-3072 -8192 -151 ) 
4 445 446 (-3072 -7168 -151 ) (-2048 -7168 -151 ) (-2048 -8192 -151 ) (-3072 -8192 -151 ) 
4 446 455 (-3072 -7168 -151 ) (-3072 -7168 -285 ) (-3072 -8192 -285 ) (-3072 -8192 -151 ) 
4 446 453 (-2048 -8192 -285 ) (-2048 -8192 -151 ) (-3072 -8192 -151 ) (-3072 -8192 -285 ) 
4 447 452 (-2048 -8192 3319 ) (-2048 -8192 2335 ) (-2048 -8245 2335 ) (-2048 -8245 3319 ) 
4 447 448 (-2048 -8245 2335 ) (-2048 -8192 2335 ) (-1024 -8192 2335 ) (-1024 -8245 2335 ) 
4 448 452 (-2048 -8192 2335 ) (-2048 -8192 2038 ) (-2048 -8245 2038 ) (-2048 -8245 2335 ) 
4 448 449 (-2048 -8192 2038 ) (-1024 -8192 2038 ) (-1024 -8245 2038 ) (-2048 -8245 2038 ) 
4 449 452 (-2048 -8192 2038 ) (-2048 -8192 2026 ) (-2048 -8245 2026 ) (-2048 -8245 2038 ) 
4 449 450 (-2048 -8192 2026 ) (-1024 -8192 2026 ) (-1024 -8245 2026 ) (-2048 -8245 2026 ) 
4 450 452 (-2048 -8192 2026 ) (-2048 -8192 -151 ) (-2048 -8245 -151 ) (-2048 -8245 2026 ) 
4 450 451 (-2048 -8245 -151 ) (-2048 -8192 -151 ) (-1024 -8192 -151 ) (-1024 -8245 -151 ) 
4 451 453 (-2048 -8192 -151 ) (-2048 -8192 -285 ) (-2048 -8245 -285 ) (-2048 -8245 -151 ) 
4 452 458 (-3072 -8245 3319 ) (-3072 -8192 3319 ) (-3072 -8192 -151 ) (-3072 -8245 -151 ) 
4 452 453 (-2048 -8192 -151 ) (-2048 -8245 -151 ) (-3072 -8245 -151 ) (-3072 -8192 -151 ) 
4 453 459 (-3072 -8245 -285 ) (-3072 -8245 -151 ) (-3072 -8192 -151 ) (-3072 -8192 -285 ) 
4 454 458 (-3072 -8192 -151 ) (-3072 -8192 3319 ) (-4096 -8192 3319 ) (-4096 -8192 -151 ) 
4 454 456 (-4096 -7168 3319 ) (-4096 -7168 -151 ) (-4096 -8192 -151 ) (-4096 -8192 3319 ) 
4 454 455 (-3072 -8192 -151 ) (-4096 -8192 -151 ) (-4096 -7168 -151 ) (-3072 -7168 -151 ) 
4 455 459 (-3072 -8192 -285 ) (-3072 -8192 -151 ) (-4096 -8192 -151 ) (-4096 -8192 -285 ) 
4 455 457 (-4096 -7168 -151 ) (-4096 -7168 -285 ) (-4096 -8192 -285 ) (-4096 -8192 -151 ) 
4 456 462 (-5120 -7168 3319 ) (-5120 -7168 -151 ) (-5120 -8192 -151 ) (-5120 -8192 3319 ) 
4 456 460 (-4096 -8192 -151 ) (-4096 -8192 3319 ) (-5120 -8192 3319 ) (-5120 -8192 -151 ) 
4 456 457 (-5120 -7168 -151 ) (-4096 -7168 -151 ) (-4096 -8192 -151 ) (-5120 -8192 -151 ) 
4 457 463 (-5120 -7168 -151 ) (-5120 -7168 -285 ) (-5120 -8192 -285 ) (-5120 -8192 -151 ) 
4 457 461 (-4096 -8192 -285 ) (-4096 -8192 -151 ) (-5120 -8192 -151 ) (-5120 -8192 -285 ) 
4 458 460 (-4096 -8192 3319 ) (-4096 -8192 -151 ) (-4096 -8245 -151 ) (-4096 -8245 3319 ) 
4 458 459 (-4096 -8245 -151 ) (-4096 -8192 -151 ) (-3072 -8192 -151 ) (-3072 -8245 -151 ) 
4 459 461 (-4096 -8192 -151 ) (-4096 -8192 -285 ) (-4096 -8245 -285 ) (-4096 -8245 -151 ) 
4 460 464 (-5120 -8245 3319 ) (-5120 -8192 3319 ) (-5120 -8192 -151 ) (-5120 -8245 -151 ) 
4 460 461 (-4096 -8192 -151 ) (-4096 -8245 -151 ) (-5120 -8245 -151 ) (-5120 -8192 -151 ) 
4 461 465 (-5120 -8245 -285 ) (-5120 -8245 -151 ) (-5120 -8192 -151 ) (-5120 -8192 -285 ) 
4 462 466 (-6144 -8192 -151 ) (-6144 -8192 3319 ) (-6144 -7168 3319 ) (-6144 -7168 -151 ) 
4 462 464 (-5120 -8192 -151 ) (-5120 -8192 3319 ) (-6144 -8192 3319 ) (-6144 -8192 -151 ) 
4 462 463 (-6144 -8192 -151 ) (-6144 -7168 -151 ) (-5120 -7168 -151 ) (-5120 -8192 -151 ) 
4 463 467 (-6144 -8192 -285 ) (-6144 -8192 -151 ) (-6144 -7168 -151 ) (-6144 -7168 -285 ) 
4 463 465 (-5120 -8192 -285 ) (-5120 -8192 -151 ) (-6144 -8192 -151 ) (-6144 -8192 -285 ) 
4 464 468 (-6144 -8245 3319 ) (-6144 -8192 3319 ) (-6144 -8192 -151 ) (-6144 -8245 -151 ) 
4 464 465 (-6144 -8245 -151 ) (-6144 -8192 -151 ) (-5120 -8192 -151 ) (-5120 -8245 -151 ) 
4 465 469 (-6144 -8245 -285 ) (-6144 -8245 -151 ) (-6144 -8192 -151 ) (-6144 -8192 -285 ) 
4 466 468 (-6144 -8192 -151 ) (-6144 -8192 3319 ) (-6470 -8192 3319 ) (-6470 -8192 -151 ) 
4 466 467 (-6144 -8192 -151 ) (-6470 -8192 -151 ) (-6470 -7168 -151 ) (-6144 -7168 -151 ) 
4 467 469 (-6144 -8192 -285 ) (-6144 -8192 -151 ) (-6470 -8192 -151 ) (-6470 -8192 -285 ) 
4 468 469 (-6470 -8192 -151 ) (-6144 -8192 -151 ) (-6144 -8245 -151 ) (-6470 -8245 -151 ) 
